16:22:54,326 (main) DEBUG [DataNucleus.General] - Using PluginRegistry org.datanucleus.plugin.NonManagedPluginRegistry
16:22:54,394 (main) DEBUG [DataNucleus.General] - Registering bundle org.sonatype.inject version 2.3.0 at URL file:/C:/Users/gonzalo/.m2/repository/org/sonatype/sisu/sisu-inject-bean/2.3.0/sisu-inject-bean-2.3.0.jar.
16:22:54,440 (main) DEBUG [DataNucleus.General] - Leyendo extension-points y extensiones del archivo de plug-in jar:file:/C:/Users/gonzalo/.m2/repository/org/sonatype/sisu/sisu-inject-bean/2.3.0/sisu-inject-bean-2.3.0.jar!/plugin.xml.
16:22:54,447 (main) DEBUG [DataNucleus.General] - Registering bundle org.datanucleus version 5.2.10 at URL file:/C:/Users/gonzalo/.m2/repository/org/datanucleus/datanucleus-core/5.2.10/datanucleus-core-5.2.10.jar.
16:22:54,452 (main) DEBUG [DataNucleus.General] - Leyendo extension-points y extensiones del archivo de plug-in jar:file:/C:/Users/gonzalo/.m2/repository/org/datanucleus/datanucleus-core/5.2.10/datanucleus-core-5.2.10.jar!/plugin.xml.
16:22:54,466 (main) DEBUG [DataNucleus.General] - Registering bundle org.datanucleus.api.jdo version 5.2.8 at URL file:/C:/Users/gonzalo/.m2/repository/org/datanucleus/datanucleus-api-jdo/5.2.8/datanucleus-api-jdo-5.2.8.jar.
16:22:54,473 (main) DEBUG [DataNucleus.General] - Leyendo extension-points y extensiones del archivo de plug-in jar:file:/C:/Users/gonzalo/.m2/repository/org/datanucleus/datanucleus-api-jdo/5.2.8/datanucleus-api-jdo-5.2.8.jar!/plugin.xml.
16:22:54,480 (main) DEBUG [DataNucleus.General] - Registering bundle org.datanucleus.store.rdbms version 5.2.10 at URL file:/C:/Users/gonzalo/.m2/repository/org/datanucleus/datanucleus-rdbms/5.2.10/datanucleus-rdbms-5.2.10.jar.
16:22:54,485 (main) DEBUG [DataNucleus.General] - Leyendo extension-points y extensiones del archivo de plug-in jar:file:/C:/Users/gonzalo/.m2/repository/org/datanucleus/datanucleus-rdbms/5.2.10/datanucleus-rdbms-5.2.10.jar!/plugin.xml.
16:22:54,550 (main) DEBUG [DataNucleus.Persistence] - Tipos de Java inicializando ...
16:22:54,633 (main) DEBUG [DataNucleus.Persistence] - Soporte para tipos de Java listo : tipos soportados = [B, [C, [D, [F, [I, [J, [Ljava.lang.Boolean;, [Ljava.lang.Byte;, [Ljava.lang.Character;, [Ljava.lang.Double;, [Ljava.lang.Enum;, [Ljava.lang.Float;, [Ljava.lang.Integer;, [Ljava.lang.Long;, [Ljava.lang.Number;, [Ljava.lang.Object;, [Ljava.lang.Short;, [Ljava.lang.String;, [Ljava.math.BigDecimal;, [Ljava.math.BigInteger;, [Ljava.util.Date;, [Ljava.util.Locale;, [S, [Z, boolean, byte, char, double, float, int, java.awt.Color, java.awt.image.BufferedImage, java.lang.Boolean, java.lang.Byte, java.lang.Character, java.lang.Class, java.lang.Double, java.lang.Enum, java.lang.Float, java.lang.Integer, java.lang.Long, java.lang.Number, java.lang.Short, java.lang.String, java.lang.StringBuffer, java.lang.StringBuilder, java.math.BigDecimal, java.math.BigInteger, java.net.URI, java.net.URL, java.sql.Date, java.sql.Time, java.sql.Timestamp, java.time.Duration, java.time.Instant, java.time.LocalDate, java.time.LocalDateTime, java.time.LocalTime, java.time.MonthDay, java.time.OffsetDateTime, java.time.OffsetTime, java.time.Period, java.time.Year, java.time.YearMonth, java.time.ZonedDateTime, java.time.ZoneId, java.time.ZoneOffset, java.util.ArrayList, java.util.Arrays$ArrayList, java.util.BitSet, java.util.Calendar, java.util.Collection, java.util.Currency, java.util.Date, java.util.GregorianCalendar, java.util.HashMap, java.util.HashSet, java.util.Hashtable, java.util.LinkedHashMap, java.util.LinkedHashSet, java.util.LinkedList, java.util.List, java.util.Locale, java.util.Map, java.util.Optional, java.util.PriorityQueue, java.util.Properties, java.util.Queue, java.util.Set, java.util.SortedMap, java.util.SortedSet, java.util.Stack, java.util.TimeZone, java.util.TreeMap, java.util.TreeSet, java.util.UUID, java.util.Vector, long, short
16:22:54,633 (main) DEBUG [DataNucleus.Persistence] - Inicializando TypeConverters ...
16:22:54,676 (main) DEBUG [DataNucleus.Persistence] - TypeConverters listo
16:22:54,676 (main) DEBUG [DataNucleus.Persistence] - TypeConverter(s) available for byte[] to : java.nio.ByteBuffer
16:22:54,677 (main) DEBUG [DataNucleus.Persistence] - TypeConverter(s) available for char[] to : java.nio.ByteBuffer
16:22:54,677 (main) DEBUG [DataNucleus.Persistence] - TypeConverter(s) available for double[] to : java.nio.ByteBuffer
16:22:54,677 (main) DEBUG [DataNucleus.Persistence] - TypeConverter(s) available for float[] to : java.nio.ByteBuffer
16:22:54,677 (main) DEBUG [DataNucleus.Persistence] - TypeConverter(s) available for int[] to : java.nio.ByteBuffer
16:22:54,677 (main) DEBUG [DataNucleus.Persistence] - TypeConverter(s) available for long[] to : java.nio.ByteBuffer
16:22:54,677 (main) DEBUG [DataNucleus.Persistence] - TypeConverter(s) available for [Ljava.math.BigDecimal; to : java.nio.ByteBuffer
16:22:54,678 (main) DEBUG [DataNucleus.Persistence] - TypeConverter(s) available for [Ljava.math.BigInteger; to : java.nio.ByteBuffer
16:22:54,678 (main) DEBUG [DataNucleus.Persistence] - TypeConverter(s) available for short[] to : java.nio.ByteBuffer
16:22:54,678 (main) DEBUG [DataNucleus.Persistence] - TypeConverter(s) available for boolean[] to : java.nio.ByteBuffer
16:22:54,678 (main) DEBUG [DataNucleus.Persistence] - TypeConverter(s) available for java.awt.Color to : java.lang.String,int[]
16:22:54,678 (main) DEBUG [DataNucleus.Persistence] - TypeConverter(s) available for java.awt.image.BufferedImage to : byte[],java.nio.ByteBuffer
16:22:54,678 (main) DEBUG [DataNucleus.Persistence] - TypeConverter(s) available for java.io.Serializable to : byte[],java.nio.ByteBuffer,java.lang.String
16:22:54,678 (main) DEBUG [DataNucleus.Persistence] - TypeConverter(s) available for java.lang.Boolean to : java.lang.Character,java.lang.Integer
16:22:54,678 (main) DEBUG [DataNucleus.Persistence] - TypeConverter(s) available for java.lang.Character to : java.lang.String
16:22:54,678 (main) DEBUG [DataNucleus.Persistence] - TypeConverter(s) available for java.lang.Class to : java.lang.String
16:22:54,678 (main) DEBUG [DataNucleus.Persistence] - TypeConverter(s) available for java.lang.Integer to : java.lang.String
16:22:54,678 (main) DEBUG [DataNucleus.Persistence] - TypeConverter(s) available for java.lang.Long to : java.lang.String
16:22:54,678 (main) DEBUG [DataNucleus.Persistence] - TypeConverter(s) available for java.lang.StringBuffer to : java.lang.String
16:22:54,679 (main) DEBUG [DataNucleus.Persistence] - TypeConverter(s) available for java.lang.StringBuilder to : java.lang.String
16:22:54,679 (main) DEBUG [DataNucleus.Persistence] - TypeConverter(s) available for java.math.BigDecimal to : java.lang.Double,java.lang.String
16:22:54,679 (main) DEBUG [DataNucleus.Persistence] - TypeConverter(s) available for java.math.BigInteger to : java.lang.String,java.lang.Long
16:22:54,679 (main) DEBUG [DataNucleus.Persistence] - TypeConverter(s) available for java.net.URI to : java.lang.String
16:22:54,679 (main) DEBUG [DataNucleus.Persistence] - TypeConverter(s) available for java.net.URL to : java.lang.String
16:22:54,679 (main) DEBUG [DataNucleus.Persistence] - TypeConverter(s) available for java.sql.Date to : java.util.Date,java.lang.String,java.lang.Long
16:22:54,679 (main) DEBUG [DataNucleus.Persistence] - TypeConverter(s) available for java.sql.Time to : java.util.Date,java.lang.String,java.lang.Long
16:22:54,679 (main) DEBUG [DataNucleus.Persistence] - TypeConverter(s) available for java.sql.Timestamp to : java.util.Date,java.lang.String,java.lang.Long
16:22:54,679 (main) DEBUG [DataNucleus.Persistence] - TypeConverter(s) available for java.time.Duration to : java.lang.Double,java.lang.String,java.lang.Long
16:22:54,679 (main) DEBUG [DataNucleus.Persistence] - TypeConverter(s) available for java.time.Instant to : java.util.Date,java.sql.Timestamp,java.lang.String,java.lang.Long
16:22:54,679 (main) DEBUG [DataNucleus.Persistence] - TypeConverter(s) available for java.time.LocalDate to : java.util.Date,java.lang.String,java.sql.Date
16:22:54,679 (main) DEBUG [DataNucleus.Persistence] - TypeConverter(s) available for java.time.LocalDateTime to : java.util.Date,java.sql.Timestamp,java.lang.String
16:22:54,680 (main) DEBUG [DataNucleus.Persistence] - TypeConverter(s) available for java.time.LocalTime to : java.util.Date,java.lang.String,java.lang.Long,java.sql.Time
16:22:54,680 (main) DEBUG [DataNucleus.Persistence] - TypeConverter(s) available for java.time.MonthDay to : java.util.Date,java.lang.String,int[],java.sql.Date
16:22:54,680 (main) DEBUG [DataNucleus.Persistence] - TypeConverter(s) available for java.time.OffsetDateTime to : java.util.Date,java.sql.Timestamp,java.lang.String
16:22:54,680 (main) DEBUG [DataNucleus.Persistence] - TypeConverter(s) available for java.time.OffsetTime to : java.lang.String,java.lang.Long,java.sql.Time
16:22:54,680 (main) DEBUG [DataNucleus.Persistence] - TypeConverter(s) available for java.time.Period to : java.lang.String,int[]
16:22:54,680 (main) DEBUG [DataNucleus.Persistence] - TypeConverter(s) available for java.time.Year to : java.lang.Integer,java.lang.String
16:22:54,680 (main) DEBUG [DataNucleus.Persistence] - TypeConverter(s) available for java.time.YearMonth to : java.util.Date,java.lang.String,int[],java.sql.Date
16:22:54,680 (main) DEBUG [DataNucleus.Persistence] - TypeConverter(s) available for java.time.ZonedDateTime to : java.sql.Timestamp,java.lang.String
16:22:54,682 (main) DEBUG [DataNucleus.Persistence] - TypeConverter(s) available for java.time.ZoneId to : java.lang.String
16:22:54,682 (main) DEBUG [DataNucleus.Persistence] - TypeConverter(s) available for java.time.ZoneOffset to : java.lang.String
16:22:54,682 (main) DEBUG [DataNucleus.Persistence] - TypeConverter(s) available for java.util.BitSet to : java.lang.String
16:22:54,682 (main) DEBUG [DataNucleus.Persistence] - TypeConverter(s) available for java.util.Calendar to : java.util.Date,java.sql.Timestamp,java.lang.String,[Ljava.lang.Object;
16:22:54,682 (main) DEBUG [DataNucleus.Persistence] - TypeConverter(s) available for java.util.Currency to : java.lang.String
16:22:54,682 (main) DEBUG [DataNucleus.Persistence] - TypeConverter(s) available for java.util.Date to : java.lang.String,java.lang.Long
16:22:54,682 (main) DEBUG [DataNucleus.Persistence] - TypeConverter(s) available for java.util.Locale to : java.lang.String
16:22:54,682 (main) DEBUG [DataNucleus.Persistence] - TypeConverter(s) available for java.util.TimeZone to : java.lang.String
16:22:54,683 (main) DEBUG [DataNucleus.Persistence] - TypeConverter(s) available for java.util.UUID to : java.lang.String
16:22:54,685 (main) DEBUG [DataNucleus.MetaData] - MetaDataManager : Input=(XML,Annotations), XML-Validation=false, XML-Suffices=(persistence=*.jdo, orm=orm, query=*.jdoquery), JDO-listener=false
16:22:54,686 (main) INFO  [DataNucleus.Enhancer] - DataNucleus Enhancer (versión 5.2.10) para el API "JDO" utilisando el JRE "{2}"
16:22:54,686 (main) DEBUG [DataNucleus.Enhancer] - DataNucleus Enhancer : Classpath
16:22:54,687 (main) DEBUG [DataNucleus.Enhancer] - >>  C:\Users\gonzalo\.m2\repository\org\datanucleus\datanucleus-maven-plugin\5.0.2\datanucleus-maven-plugin-5.0.2.jar
16:22:54,687 (main) DEBUG [DataNucleus.Enhancer] - >>  C:\Users\gonzalo\.m2\repository\org\codehaus\plexus\plexus-utils\3.0.8\plexus-utils-3.0.8.jar
16:22:54,687 (main) DEBUG [DataNucleus.Enhancer] - >>  C:\Users\gonzalo\.m2\repository\org\apache\maven\maven-artifact\3.0.4\maven-artifact-3.0.4.jar
16:22:54,687 (main) DEBUG [DataNucleus.Enhancer] - >>  C:\Users\gonzalo\.m2\repository\org\apache\maven\maven-plugin-api\3.0.4\maven-plugin-api-3.0.4.jar
16:22:54,687 (main) DEBUG [DataNucleus.Enhancer] - >>  C:\Users\gonzalo\.m2\repository\org\apache\maven\maven-model\3.0.4\maven-model-3.0.4.jar
16:22:54,687 (main) DEBUG [DataNucleus.Enhancer] - >>  C:\Users\gonzalo\.m2\repository\org\sonatype\sisu\sisu-inject-plexus\2.3.0\sisu-inject-plexus-2.3.0.jar
16:22:54,688 (main) DEBUG [DataNucleus.Enhancer] - >>  C:\Users\gonzalo\.m2\repository\org\codehaus\plexus\plexus-component-annotations\1.5.5\plexus-component-annotations-1.5.5.jar
16:22:54,688 (main) DEBUG [DataNucleus.Enhancer] - >>  C:\Users\gonzalo\.m2\repository\org\sonatype\sisu\sisu-inject-bean\2.3.0\sisu-inject-bean-2.3.0.jar
16:22:54,688 (main) DEBUG [DataNucleus.Enhancer] - >>  C:\Users\gonzalo\.m2\repository\org\sonatype\sisu\sisu-guice\3.1.0\sisu-guice-3.1.0-no_aop.jar
16:22:54,688 (main) DEBUG [DataNucleus.Enhancer] - >>  C:\Users\gonzalo\.m2\repository\org\sonatype\sisu\sisu-guava\0.9.9\sisu-guava-0.9.9.jar
16:22:54,688 (main) DEBUG [DataNucleus.Enhancer] - >>  C:\Users\gonzalo\.m2\repository\org\codehaus\plexus\plexus-container-default\1.5.5\plexus-container-default-1.5.5.jar
16:22:54,688 (main) DEBUG [DataNucleus.Enhancer] - >>  C:\Users\gonzalo\.m2\repository\org\codehaus\plexus\plexus-classworlds\2.2.2\plexus-classworlds-2.2.2.jar
16:22:54,688 (main) DEBUG [DataNucleus.Enhancer] - >>  C:\Users\gonzalo\.m2\repository\org\apache\xbean\xbean-reflect\3.4\xbean-reflect-3.4.jar
16:22:54,688 (main) DEBUG [DataNucleus.Enhancer] - >>  C:\Users\gonzalo\.m2\repository\log4j\log4j\1.2.12\log4j-1.2.12.jar
16:22:54,688 (main) DEBUG [DataNucleus.Enhancer] - >>  C:\Users\gonzalo\.m2\repository\commons-logging\commons-logging-api\1.1\commons-logging-api-1.1.jar
16:22:54,688 (main) DEBUG [DataNucleus.Enhancer] - >>  C:\Users\gonzalo\.m2\repository\com\google\collections\google-collections\1.0\google-collections-1.0.jar
16:22:54,689 (main) DEBUG [DataNucleus.Enhancer] - >>  C:\Users\gonzalo\.m2\repository\junit\junit\3.8.2\junit-3.8.2.jar
16:22:54,689 (main) DEBUG [DataNucleus.Enhancer] - >>  C:\Users\gonzalo\Documents\git\procesos-de-software-y-calidad\target\classes
16:22:54,689 (main) DEBUG [DataNucleus.Enhancer] - >>  C:\Users\gonzalo\.m2\repository\org\datanucleus\datanucleus-core\5.2.10\datanucleus-core-5.2.10.jar
16:22:54,689 (main) DEBUG [DataNucleus.Enhancer] - >>  C:\Users\gonzalo\.m2\repository\org\datanucleus\datanucleus-api-jdo\5.2.8\datanucleus-api-jdo-5.2.8.jar
16:22:54,689 (main) DEBUG [DataNucleus.Enhancer] - >>  C:\Users\gonzalo\.m2\repository\org\datanucleus\datanucleus-rdbms\5.2.10\datanucleus-rdbms-5.2.10.jar
16:22:54,689 (main) DEBUG [DataNucleus.Enhancer] - >>  C:\Users\gonzalo\.m2\repository\org\datanucleus\javax.jdo\3.2.0-release\javax.jdo-3.2.0-release.jar
16:22:54,689 (main) DEBUG [DataNucleus.Enhancer] - >>  C:\Users\gonzalo\.m2\repository\javax\transaction\javax.transaction-api\1.3\javax.transaction-api-1.3.jar
16:22:54,689 (main) DEBUG [DataNucleus.Enhancer] - >>  C:\Users\gonzalo\.m2\repository\org\glassfish\corba\glassfish-corba-omgapi\4.2.2\glassfish-corba-omgapi-4.2.2.jar
16:22:54,689 (main) DEBUG [DataNucleus.Enhancer] - >>  C:\Users\gonzalo\.m2\repository\mysql\mysql-connector-java\8.0.23\mysql-connector-java-8.0.23.jar
16:22:54,689 (main) DEBUG [DataNucleus.Enhancer] - >>  C:\Users\gonzalo\.m2\repository\com\google\protobuf\protobuf-java\3.11.4\protobuf-java-3.11.4.jar
16:22:54,689 (main) DEBUG [DataNucleus.Enhancer] - >>  C:\Users\gonzalo\.m2\repository\log4j\log4j\1.2.17\log4j-1.2.17.jar
16:22:54,689 (main) DEBUG [DataNucleus.Enhancer] - >>  C:\Users\gonzalo\.m2\repository\org\glassfish\jersey\core\jersey-server\2.29\jersey-server-2.29.jar
16:22:54,690 (main) DEBUG [DataNucleus.Enhancer] - >>  C:\Users\gonzalo\.m2\repository\org\glassfish\jersey\core\jersey-client\2.29\jersey-client-2.29.jar
16:22:54,690 (main) DEBUG [DataNucleus.Enhancer] - >>  C:\Users\gonzalo\.m2\repository\jakarta\ws\rs\jakarta.ws.rs-api\2.1.5\jakarta.ws.rs-api-2.1.5.jar
16:22:54,690 (main) DEBUG [DataNucleus.Enhancer] - >>  C:\Users\gonzalo\.m2\repository\org\glassfish\jersey\media\jersey-media-jaxb\2.29\jersey-media-jaxb-2.29.jar
16:22:54,690 (main) DEBUG [DataNucleus.Enhancer] - >>  C:\Users\gonzalo\.m2\repository\jakarta\annotation\jakarta.annotation-api\1.3.4\jakarta.annotation-api-1.3.4.jar
16:22:54,690 (main) DEBUG [DataNucleus.Enhancer] - >>  C:\Users\gonzalo\.m2\repository\org\glassfish\hk2\external\jakarta.inject\2.5.0\jakarta.inject-2.5.0.jar
16:22:54,690 (main) DEBUG [DataNucleus.Enhancer] - >>  C:\Users\gonzalo\.m2\repository\javax\validation\validation-api\2.0.1.Final\validation-api-2.0.1.Final.jar
16:22:54,690 (main) DEBUG [DataNucleus.Enhancer] - >>  C:\Users\gonzalo\.m2\repository\jakarta\xml\bind\jakarta.xml.bind-api\2.3.2\jakarta.xml.bind-api-2.3.2.jar
16:22:54,690 (main) DEBUG [DataNucleus.Enhancer] - >>  C:\Users\gonzalo\.m2\repository\jakarta\activation\jakarta.activation-api\1.2.1\jakarta.activation-api-1.2.1.jar
16:22:54,691 (main) DEBUG [DataNucleus.Enhancer] - >>  C:\Users\gonzalo\.m2\repository\org\glassfish\jersey\containers\jersey-container-servlet\2.29\jersey-container-servlet-2.29.jar
16:22:54,691 (main) DEBUG [DataNucleus.Enhancer] - >>  C:\Users\gonzalo\.m2\repository\org\glassfish\jersey\containers\jersey-container-servlet-core\2.29\jersey-container-servlet-core-2.29.jar
16:22:54,691 (main) DEBUG [DataNucleus.Enhancer] - >>  C:\Users\gonzalo\.m2\repository\org\glassfish\jersey\core\jersey-common\2.29\jersey-common-2.29.jar
16:22:54,691 (main) DEBUG [DataNucleus.Enhancer] - >>  C:\Users\gonzalo\.m2\repository\org\glassfish\hk2\osgi-resource-locator\1.0.3\osgi-resource-locator-1.0.3.jar
16:22:54,692 (main) DEBUG [DataNucleus.Enhancer] - >>  C:\Users\gonzalo\.m2\repository\com\sun\activation\jakarta.activation\1.2.1\jakarta.activation-1.2.1.jar
16:22:54,693 (main) DEBUG [DataNucleus.Enhancer] - >>  C:\Users\gonzalo\.m2\repository\org\glassfish\jersey\inject\jersey-hk2\2.29\jersey-hk2-2.29.jar
16:22:54,694 (main) DEBUG [DataNucleus.Enhancer] - >>  C:\Users\gonzalo\.m2\repository\org\glassfish\hk2\hk2-locator\2.5.0\hk2-locator-2.5.0.jar
16:22:54,694 (main) DEBUG [DataNucleus.Enhancer] - >>  C:\Users\gonzalo\.m2\repository\org\glassfish\hk2\external\aopalliance-repackaged\2.5.0\aopalliance-repackaged-2.5.0.jar
16:22:54,694 (main) DEBUG [DataNucleus.Enhancer] - >>  C:\Users\gonzalo\.m2\repository\org\glassfish\hk2\hk2-api\2.5.0\hk2-api-2.5.0.jar
16:22:54,694 (main) DEBUG [DataNucleus.Enhancer] - >>  C:\Users\gonzalo\.m2\repository\org\glassfish\hk2\hk2-utils\2.5.0\hk2-utils-2.5.0.jar
16:22:54,695 (main) DEBUG [DataNucleus.Enhancer] - >>  C:\Users\gonzalo\.m2\repository\org\javassist\javassist\3.22.0-CR2\javassist-3.22.0-CR2.jar
16:22:54,695 (main) DEBUG [DataNucleus.Enhancer] - >>  C:\Users\gonzalo\.m2\repository\org\glassfish\jersey\media\jersey-media-json-jackson\2.29\jersey-media-json-jackson-2.29.jar
16:22:54,695 (main) DEBUG [DataNucleus.Enhancer] - >>  C:\Users\gonzalo\.m2\repository\org\glassfish\jersey\ext\jersey-entity-filtering\2.29\jersey-entity-filtering-2.29.jar
16:22:54,695 (main) DEBUG [DataNucleus.Enhancer] - >>  C:\Users\gonzalo\.m2\repository\com\fasterxml\jackson\core\jackson-annotations\2.9.9\jackson-annotations-2.9.9.jar
16:22:54,696 (main) DEBUG [DataNucleus.Enhancer] - >>  C:\Users\gonzalo\.m2\repository\com\fasterxml\jackson\core\jackson-databind\2.9.9\jackson-databind-2.9.9.jar
16:22:54,696 (main) DEBUG [DataNucleus.Enhancer] - >>  C:\Users\gonzalo\.m2\repository\com\fasterxml\jackson\core\jackson-core\2.9.9\jackson-core-2.9.9.jar
16:22:54,696 (main) DEBUG [DataNucleus.Enhancer] - >>  C:\Users\gonzalo\.m2\repository\com\fasterxml\jackson\module\jackson-module-jaxb-annotations\2.9.9\jackson-module-jaxb-annotations-2.9.9.jar
16:22:54,696 (main) DEBUG [DataNucleus.Enhancer] - Reading fileListFile: C:\Users\gonzalo\AppData\Local\Temp\enhancer-944122426824631072.flf
16:22:54,699 (main) DEBUG [DataNucleus.Enhancer] - Enhancing classes
16:22:54,720 (main) DEBUG [DataNucleus.MetaData] - MetaData Management : Carga de Metadata de las clases "[p2parking.client.Remote, p2parking.client.ventanas.Inicio_sesion$1, p2parking.client.ventanas.Inicio_sesion$2, p2parking.client.ventanas.Inicio_sesion$3, p2parking.client.ventanas.Inicio_sesion, p2parking.client.ventanas.TextPrompt$Show, p2parking.client.ventanas.TextPrompt, p2parking.client.ventanas.Ventana_principal_alquiler$1, p2parking.client.ventanas.Ventana_principal_alquiler, p2parking.client.ventanas.Ventana_registro$1, p2parking.client.ventanas.Ventana_registro$2, p2parking.client.ventanas.Ventana_registro, p2parking.client.ventanas.Ventana_subir_plaza$1, p2parking.client.ventanas.Ventana_subir_plaza$2, p2parking.client.ventanas.Ventana_subir_plaza, p2parking.jdo.Main, p2parking.jdo.Plaza, p2parking.jdo.Usuario, p2parking.serialization.Alquiler, p2parking.serialization.Plaza, p2parking.serialization.Usuario, p2parking.server.DonationCollector, p2parking.server.Main, p2parking.server.MainServer]" ...
16:22:54,724 (main) DEBUG [DataNucleus.MetaData] - No encontramos el MetaData del tipo "jdo" por la clase "p2parking.client.Remote" en /META-INF/package.jdo
16:22:54,724 (main) DEBUG [DataNucleus.MetaData] - No encontramos el MetaData del tipo "jdo" por la clase "p2parking.client.Remote" en /WEB-INF/package.jdo
16:22:54,725 (main) DEBUG [DataNucleus.MetaData] - No encontramos el MetaData del tipo "jdo" por la clase "p2parking.client.Remote" en /package.jdo
16:22:54,726 (main) DEBUG [DataNucleus.MetaData] - No encontramos el MetaData del tipo "jdo" por la clase "p2parking.client.Remote" en /p2parking/package.jdo
16:22:54,726 (main) DEBUG [DataNucleus.MetaData] - No encontramos el MetaData del tipo "jdo" por la clase "p2parking.client.Remote" en /p2parking/client/package.jdo
16:22:54,726 (main) DEBUG [DataNucleus.MetaData] - No encontramos el MetaData del tipo "jdo" por la clase "p2parking.client.Remote" en /p2parking/client/Remote.jdo
16:22:54,727 (main) DEBUG [DataNucleus.MetaData] - No hemos encontrado el MetaData del tipo "jdo" por la clase "p2parking.client.Remote"
16:22:54,727 (main) DEBUG [DataNucleus.MetaData] - Registrando la clase "p2parking.client.Remote" no tener Meta-Data
16:22:54,728 (main) DEBUG [DataNucleus.MetaData] - La clase "p2parking.client.Remote" no tiene MetaData o annotaciones.
16:22:54,729 (main) DEBUG [DataNucleus.MetaData] - No encontramos el MetaData del tipo "jdo" por la clase "p2parking.client.ventanas.Inicio_sesion$1" en /META-INF/package.jdo
16:22:54,729 (main) DEBUG [DataNucleus.MetaData] - No encontramos el MetaData del tipo "jdo" por la clase "p2parking.client.ventanas.Inicio_sesion$1" en /WEB-INF/package.jdo
16:22:54,730 (main) DEBUG [DataNucleus.MetaData] - No encontramos el MetaData del tipo "jdo" por la clase "p2parking.client.ventanas.Inicio_sesion$1" en /package.jdo
16:22:54,730 (main) DEBUG [DataNucleus.MetaData] - No encontramos el MetaData del tipo "jdo" por la clase "p2parking.client.ventanas.Inicio_sesion$1" en /p2parking/package.jdo
16:22:54,730 (main) DEBUG [DataNucleus.MetaData] - No encontramos el MetaData del tipo "jdo" por la clase "p2parking.client.ventanas.Inicio_sesion$1" en /p2parking/client/package.jdo
16:22:54,731 (main) DEBUG [DataNucleus.MetaData] - No encontramos el MetaData del tipo "jdo" por la clase "p2parking.client.ventanas.Inicio_sesion$1" en /p2parking/client/ventanas/package.jdo
16:22:54,731 (main) DEBUG [DataNucleus.MetaData] - No encontramos el MetaData del tipo "jdo" por la clase "p2parking.client.ventanas.Inicio_sesion$1" en /p2parking/client/ventanas/Inicio_sesion$1.jdo
16:22:54,731 (main) DEBUG [DataNucleus.MetaData] - No hemos encontrado el MetaData del tipo "jdo" por la clase "p2parking.client.ventanas.Inicio_sesion$1"
16:22:54,731 (main) DEBUG [DataNucleus.MetaData] - Registrando la clase "p2parking.client.ventanas.Inicio_sesion$1" no tener Meta-Data
16:22:54,731 (main) DEBUG [DataNucleus.MetaData] - La clase "p2parking.client.ventanas.Inicio_sesion$1" no tiene MetaData o annotaciones.
16:22:54,732 (main) DEBUG [DataNucleus.MetaData] - No encontramos el MetaData del tipo "jdo" por la clase "p2parking.client.ventanas.Inicio_sesion$2" en /META-INF/package.jdo
16:22:54,733 (main) DEBUG [DataNucleus.MetaData] - No encontramos el MetaData del tipo "jdo" por la clase "p2parking.client.ventanas.Inicio_sesion$2" en /WEB-INF/package.jdo
16:22:54,734 (main) DEBUG [DataNucleus.MetaData] - No encontramos el MetaData del tipo "jdo" por la clase "p2parking.client.ventanas.Inicio_sesion$2" en /package.jdo
16:22:54,734 (main) DEBUG [DataNucleus.MetaData] - No encontramos el MetaData del tipo "jdo" por la clase "p2parking.client.ventanas.Inicio_sesion$2" en /p2parking/package.jdo
16:22:54,735 (main) DEBUG [DataNucleus.MetaData] - No encontramos el MetaData del tipo "jdo" por la clase "p2parking.client.ventanas.Inicio_sesion$2" en /p2parking/client/package.jdo
16:22:54,735 (main) DEBUG [DataNucleus.MetaData] - No encontramos el MetaData del tipo "jdo" por la clase "p2parking.client.ventanas.Inicio_sesion$2" en /p2parking/client/ventanas/package.jdo
16:22:54,736 (main) DEBUG [DataNucleus.MetaData] - No encontramos el MetaData del tipo "jdo" por la clase "p2parking.client.ventanas.Inicio_sesion$2" en /p2parking/client/ventanas/Inicio_sesion$2.jdo
16:22:54,736 (main) DEBUG [DataNucleus.MetaData] - No hemos encontrado el MetaData del tipo "jdo" por la clase "p2parking.client.ventanas.Inicio_sesion$2"
16:22:54,736 (main) DEBUG [DataNucleus.MetaData] - Registrando la clase "p2parking.client.ventanas.Inicio_sesion$2" no tener Meta-Data
16:22:54,736 (main) DEBUG [DataNucleus.MetaData] - La clase "p2parking.client.ventanas.Inicio_sesion$2" no tiene MetaData o annotaciones.
16:22:54,738 (main) DEBUG [DataNucleus.MetaData] - No encontramos el MetaData del tipo "jdo" por la clase "p2parking.client.ventanas.Inicio_sesion$3" en /META-INF/package.jdo
16:22:54,738 (main) DEBUG [DataNucleus.MetaData] - No encontramos el MetaData del tipo "jdo" por la clase "p2parking.client.ventanas.Inicio_sesion$3" en /WEB-INF/package.jdo
16:22:54,739 (main) DEBUG [DataNucleus.MetaData] - No encontramos el MetaData del tipo "jdo" por la clase "p2parking.client.ventanas.Inicio_sesion$3" en /package.jdo
16:22:54,739 (main) DEBUG [DataNucleus.MetaData] - No encontramos el MetaData del tipo "jdo" por la clase "p2parking.client.ventanas.Inicio_sesion$3" en /p2parking/package.jdo
16:22:54,739 (main) DEBUG [DataNucleus.MetaData] - No encontramos el MetaData del tipo "jdo" por la clase "p2parking.client.ventanas.Inicio_sesion$3" en /p2parking/client/package.jdo
16:22:54,740 (main) DEBUG [DataNucleus.MetaData] - No encontramos el MetaData del tipo "jdo" por la clase "p2parking.client.ventanas.Inicio_sesion$3" en /p2parking/client/ventanas/package.jdo
16:22:54,741 (main) DEBUG [DataNucleus.MetaData] - No encontramos el MetaData del tipo "jdo" por la clase "p2parking.client.ventanas.Inicio_sesion$3" en /p2parking/client/ventanas/Inicio_sesion$3.jdo
16:22:54,741 (main) DEBUG [DataNucleus.MetaData] - No hemos encontrado el MetaData del tipo "jdo" por la clase "p2parking.client.ventanas.Inicio_sesion$3"
16:22:54,741 (main) DEBUG [DataNucleus.MetaData] - Registrando la clase "p2parking.client.ventanas.Inicio_sesion$3" no tener Meta-Data
16:22:54,741 (main) DEBUG [DataNucleus.MetaData] - La clase "p2parking.client.ventanas.Inicio_sesion$3" no tiene MetaData o annotaciones.
16:22:54,751 (main) DEBUG [DataNucleus.MetaData] - No encontramos el MetaData del tipo "jdo" por la clase "p2parking.client.ventanas.Inicio_sesion" en /META-INF/package.jdo
16:22:54,752 (main) DEBUG [DataNucleus.MetaData] - No encontramos el MetaData del tipo "jdo" por la clase "p2parking.client.ventanas.Inicio_sesion" en /WEB-INF/package.jdo
16:22:54,752 (main) DEBUG [DataNucleus.MetaData] - No encontramos el MetaData del tipo "jdo" por la clase "p2parking.client.ventanas.Inicio_sesion" en /package.jdo
16:22:54,752 (main) DEBUG [DataNucleus.MetaData] - No encontramos el MetaData del tipo "jdo" por la clase "p2parking.client.ventanas.Inicio_sesion" en /p2parking/package.jdo
16:22:54,753 (main) DEBUG [DataNucleus.MetaData] - No encontramos el MetaData del tipo "jdo" por la clase "p2parking.client.ventanas.Inicio_sesion" en /p2parking/client/package.jdo
16:22:54,753 (main) DEBUG [DataNucleus.MetaData] - No encontramos el MetaData del tipo "jdo" por la clase "p2parking.client.ventanas.Inicio_sesion" en /p2parking/client/ventanas/package.jdo
16:22:54,753 (main) DEBUG [DataNucleus.MetaData] - No encontramos el MetaData del tipo "jdo" por la clase "p2parking.client.ventanas.Inicio_sesion" en /p2parking/client/ventanas/Inicio_sesion.jdo
16:22:54,753 (main) DEBUG [DataNucleus.MetaData] - No hemos encontrado el MetaData del tipo "jdo" por la clase "p2parking.client.ventanas.Inicio_sesion"
16:22:54,753 (main) DEBUG [DataNucleus.MetaData] - Registrando la clase "p2parking.client.ventanas.Inicio_sesion" no tener Meta-Data
16:22:54,754 (main) DEBUG [DataNucleus.MetaData] - La clase "p2parking.client.ventanas.Inicio_sesion" no tiene MetaData o annotaciones.
16:22:54,755 (main) DEBUG [DataNucleus.MetaData] - No encontramos el MetaData del tipo "jdo" por la clase "p2parking.client.ventanas.TextPrompt$Show" en /META-INF/package.jdo
16:22:54,755 (main) DEBUG [DataNucleus.MetaData] - No encontramos el MetaData del tipo "jdo" por la clase "p2parking.client.ventanas.TextPrompt$Show" en /WEB-INF/package.jdo
16:22:54,755 (main) DEBUG [DataNucleus.MetaData] - No encontramos el MetaData del tipo "jdo" por la clase "p2parking.client.ventanas.TextPrompt$Show" en /package.jdo
16:22:54,756 (main) DEBUG [DataNucleus.MetaData] - No encontramos el MetaData del tipo "jdo" por la clase "p2parking.client.ventanas.TextPrompt$Show" en /p2parking/package.jdo
16:22:54,756 (main) DEBUG [DataNucleus.MetaData] - No encontramos el MetaData del tipo "jdo" por la clase "p2parking.client.ventanas.TextPrompt$Show" en /p2parking/client/package.jdo
16:22:54,756 (main) DEBUG [DataNucleus.MetaData] - No encontramos el MetaData del tipo "jdo" por la clase "p2parking.client.ventanas.TextPrompt$Show" en /p2parking/client/ventanas/package.jdo
16:22:54,757 (main) DEBUG [DataNucleus.MetaData] - No encontramos el MetaData del tipo "jdo" por la clase "p2parking.client.ventanas.TextPrompt$Show" en /p2parking/client/ventanas/TextPrompt$Show.jdo
16:22:54,757 (main) DEBUG [DataNucleus.MetaData] - No hemos encontrado el MetaData del tipo "jdo" por la clase "p2parking.client.ventanas.TextPrompt$Show"
16:22:54,757 (main) DEBUG [DataNucleus.MetaData] - Registrando la clase "p2parking.client.ventanas.TextPrompt$Show" no tener Meta-Data
16:22:54,757 (main) DEBUG [DataNucleus.MetaData] - La clase "p2parking.client.ventanas.TextPrompt$Show" no tiene MetaData o annotaciones.
16:22:54,759 (main) DEBUG [DataNucleus.MetaData] - No encontramos el MetaData del tipo "jdo" por la clase "p2parking.client.ventanas.TextPrompt" en /META-INF/package.jdo
16:22:54,759 (main) DEBUG [DataNucleus.MetaData] - No encontramos el MetaData del tipo "jdo" por la clase "p2parking.client.ventanas.TextPrompt" en /WEB-INF/package.jdo
16:22:54,760 (main) DEBUG [DataNucleus.MetaData] - No encontramos el MetaData del tipo "jdo" por la clase "p2parking.client.ventanas.TextPrompt" en /package.jdo
16:22:54,761 (main) DEBUG [DataNucleus.MetaData] - No encontramos el MetaData del tipo "jdo" por la clase "p2parking.client.ventanas.TextPrompt" en /p2parking/package.jdo
16:22:54,761 (main) DEBUG [DataNucleus.MetaData] - No encontramos el MetaData del tipo "jdo" por la clase "p2parking.client.ventanas.TextPrompt" en /p2parking/client/package.jdo
16:22:54,761 (main) DEBUG [DataNucleus.MetaData] - No encontramos el MetaData del tipo "jdo" por la clase "p2parking.client.ventanas.TextPrompt" en /p2parking/client/ventanas/package.jdo
16:22:54,762 (main) DEBUG [DataNucleus.MetaData] - No encontramos el MetaData del tipo "jdo" por la clase "p2parking.client.ventanas.TextPrompt" en /p2parking/client/ventanas/TextPrompt.jdo
16:22:54,762 (main) DEBUG [DataNucleus.MetaData] - No hemos encontrado el MetaData del tipo "jdo" por la clase "p2parking.client.ventanas.TextPrompt"
16:22:54,762 (main) DEBUG [DataNucleus.MetaData] - Registrando la clase "p2parking.client.ventanas.TextPrompt" no tener Meta-Data
16:22:54,762 (main) DEBUG [DataNucleus.MetaData] - La clase "p2parking.client.ventanas.TextPrompt" no tiene MetaData o annotaciones.
16:22:54,763 (main) DEBUG [DataNucleus.MetaData] - No encontramos el MetaData del tipo "jdo" por la clase "p2parking.client.ventanas.Ventana_principal_alquiler$1" en /META-INF/package.jdo
16:22:54,764 (main) DEBUG [DataNucleus.MetaData] - No encontramos el MetaData del tipo "jdo" por la clase "p2parking.client.ventanas.Ventana_principal_alquiler$1" en /WEB-INF/package.jdo
16:22:54,764 (main) DEBUG [DataNucleus.MetaData] - No encontramos el MetaData del tipo "jdo" por la clase "p2parking.client.ventanas.Ventana_principal_alquiler$1" en /package.jdo
16:22:54,765 (main) DEBUG [DataNucleus.MetaData] - No encontramos el MetaData del tipo "jdo" por la clase "p2parking.client.ventanas.Ventana_principal_alquiler$1" en /p2parking/package.jdo
16:22:54,765 (main) DEBUG [DataNucleus.MetaData] - No encontramos el MetaData del tipo "jdo" por la clase "p2parking.client.ventanas.Ventana_principal_alquiler$1" en /p2parking/client/package.jdo
16:22:54,765 (main) DEBUG [DataNucleus.MetaData] - No encontramos el MetaData del tipo "jdo" por la clase "p2parking.client.ventanas.Ventana_principal_alquiler$1" en /p2parking/client/ventanas/package.jdo
16:22:54,766 (main) DEBUG [DataNucleus.MetaData] - No encontramos el MetaData del tipo "jdo" por la clase "p2parking.client.ventanas.Ventana_principal_alquiler$1" en /p2parking/client/ventanas/Ventana_principal_alquiler$1.jdo
16:22:54,766 (main) DEBUG [DataNucleus.MetaData] - No hemos encontrado el MetaData del tipo "jdo" por la clase "p2parking.client.ventanas.Ventana_principal_alquiler$1"
16:22:54,766 (main) DEBUG [DataNucleus.MetaData] - Registrando la clase "p2parking.client.ventanas.Ventana_principal_alquiler$1" no tener Meta-Data
16:22:54,766 (main) DEBUG [DataNucleus.MetaData] - La clase "p2parking.client.ventanas.Ventana_principal_alquiler$1" no tiene MetaData o annotaciones.
16:22:54,767 (main) DEBUG [DataNucleus.MetaData] - No encontramos el MetaData del tipo "jdo" por la clase "p2parking.client.ventanas.Ventana_principal_alquiler" en /META-INF/package.jdo
16:22:54,768 (main) DEBUG [DataNucleus.MetaData] - No encontramos el MetaData del tipo "jdo" por la clase "p2parking.client.ventanas.Ventana_principal_alquiler" en /WEB-INF/package.jdo
16:22:54,768 (main) DEBUG [DataNucleus.MetaData] - No encontramos el MetaData del tipo "jdo" por la clase "p2parking.client.ventanas.Ventana_principal_alquiler" en /package.jdo
16:22:54,768 (main) DEBUG [DataNucleus.MetaData] - No encontramos el MetaData del tipo "jdo" por la clase "p2parking.client.ventanas.Ventana_principal_alquiler" en /p2parking/package.jdo
16:22:54,768 (main) DEBUG [DataNucleus.MetaData] - No encontramos el MetaData del tipo "jdo" por la clase "p2parking.client.ventanas.Ventana_principal_alquiler" en /p2parking/client/package.jdo
16:22:54,769 (main) DEBUG [DataNucleus.MetaData] - No encontramos el MetaData del tipo "jdo" por la clase "p2parking.client.ventanas.Ventana_principal_alquiler" en /p2parking/client/ventanas/package.jdo
16:22:54,769 (main) DEBUG [DataNucleus.MetaData] - No encontramos el MetaData del tipo "jdo" por la clase "p2parking.client.ventanas.Ventana_principal_alquiler" en /p2parking/client/ventanas/Ventana_principal_alquiler.jdo
16:22:54,769 (main) DEBUG [DataNucleus.MetaData] - No hemos encontrado el MetaData del tipo "jdo" por la clase "p2parking.client.ventanas.Ventana_principal_alquiler"
16:22:54,769 (main) DEBUG [DataNucleus.MetaData] - Registrando la clase "p2parking.client.ventanas.Ventana_principal_alquiler" no tener Meta-Data
16:22:54,769 (main) DEBUG [DataNucleus.MetaData] - La clase "p2parking.client.ventanas.Ventana_principal_alquiler" no tiene MetaData o annotaciones.
16:22:54,772 (main) DEBUG [DataNucleus.MetaData] - No encontramos el MetaData del tipo "jdo" por la clase "p2parking.client.ventanas.Ventana_registro$1" en /META-INF/package.jdo
16:22:54,772 (main) DEBUG [DataNucleus.MetaData] - No encontramos el MetaData del tipo "jdo" por la clase "p2parking.client.ventanas.Ventana_registro$1" en /WEB-INF/package.jdo
16:22:54,772 (main) DEBUG [DataNucleus.MetaData] - No encontramos el MetaData del tipo "jdo" por la clase "p2parking.client.ventanas.Ventana_registro$1" en /package.jdo
16:22:54,772 (main) DEBUG [DataNucleus.MetaData] - No encontramos el MetaData del tipo "jdo" por la clase "p2parking.client.ventanas.Ventana_registro$1" en /p2parking/package.jdo
16:22:54,773 (main) DEBUG [DataNucleus.MetaData] - No encontramos el MetaData del tipo "jdo" por la clase "p2parking.client.ventanas.Ventana_registro$1" en /p2parking/client/package.jdo
16:22:54,773 (main) DEBUG [DataNucleus.MetaData] - No encontramos el MetaData del tipo "jdo" por la clase "p2parking.client.ventanas.Ventana_registro$1" en /p2parking/client/ventanas/package.jdo
16:22:54,773 (main) DEBUG [DataNucleus.MetaData] - No encontramos el MetaData del tipo "jdo" por la clase "p2parking.client.ventanas.Ventana_registro$1" en /p2parking/client/ventanas/Ventana_registro$1.jdo
16:22:54,773 (main) DEBUG [DataNucleus.MetaData] - No hemos encontrado el MetaData del tipo "jdo" por la clase "p2parking.client.ventanas.Ventana_registro$1"
16:22:54,773 (main) DEBUG [DataNucleus.MetaData] - Registrando la clase "p2parking.client.ventanas.Ventana_registro$1" no tener Meta-Data
16:22:54,774 (main) DEBUG [DataNucleus.MetaData] - La clase "p2parking.client.ventanas.Ventana_registro$1" no tiene MetaData o annotaciones.
16:22:54,775 (main) DEBUG [DataNucleus.MetaData] - No encontramos el MetaData del tipo "jdo" por la clase "p2parking.client.ventanas.Ventana_registro$2" en /META-INF/package.jdo
16:22:54,775 (main) DEBUG [DataNucleus.MetaData] - No encontramos el MetaData del tipo "jdo" por la clase "p2parking.client.ventanas.Ventana_registro$2" en /WEB-INF/package.jdo
16:22:54,775 (main) DEBUG [DataNucleus.MetaData] - No encontramos el MetaData del tipo "jdo" por la clase "p2parking.client.ventanas.Ventana_registro$2" en /package.jdo
16:22:54,775 (main) DEBUG [DataNucleus.MetaData] - No encontramos el MetaData del tipo "jdo" por la clase "p2parking.client.ventanas.Ventana_registro$2" en /p2parking/package.jdo
16:22:54,775 (main) DEBUG [DataNucleus.MetaData] - No encontramos el MetaData del tipo "jdo" por la clase "p2parking.client.ventanas.Ventana_registro$2" en /p2parking/client/package.jdo
16:22:54,776 (main) DEBUG [DataNucleus.MetaData] - No encontramos el MetaData del tipo "jdo" por la clase "p2parking.client.ventanas.Ventana_registro$2" en /p2parking/client/ventanas/package.jdo
16:22:54,776 (main) DEBUG [DataNucleus.MetaData] - No encontramos el MetaData del tipo "jdo" por la clase "p2parking.client.ventanas.Ventana_registro$2" en /p2parking/client/ventanas/Ventana_registro$2.jdo
16:22:54,776 (main) DEBUG [DataNucleus.MetaData] - No hemos encontrado el MetaData del tipo "jdo" por la clase "p2parking.client.ventanas.Ventana_registro$2"
16:22:54,776 (main) DEBUG [DataNucleus.MetaData] - Registrando la clase "p2parking.client.ventanas.Ventana_registro$2" no tener Meta-Data
16:22:54,776 (main) DEBUG [DataNucleus.MetaData] - La clase "p2parking.client.ventanas.Ventana_registro$2" no tiene MetaData o annotaciones.
16:22:54,777 (main) DEBUG [DataNucleus.MetaData] - No encontramos el MetaData del tipo "jdo" por la clase "p2parking.client.ventanas.Ventana_registro" en /META-INF/package.jdo
16:22:54,777 (main) DEBUG [DataNucleus.MetaData] - No encontramos el MetaData del tipo "jdo" por la clase "p2parking.client.ventanas.Ventana_registro" en /WEB-INF/package.jdo
16:22:54,778 (main) DEBUG [DataNucleus.MetaData] - No encontramos el MetaData del tipo "jdo" por la clase "p2parking.client.ventanas.Ventana_registro" en /package.jdo
16:22:54,778 (main) DEBUG [DataNucleus.MetaData] - No encontramos el MetaData del tipo "jdo" por la clase "p2parking.client.ventanas.Ventana_registro" en /p2parking/package.jdo
16:22:54,778 (main) DEBUG [DataNucleus.MetaData] - No encontramos el MetaData del tipo "jdo" por la clase "p2parking.client.ventanas.Ventana_registro" en /p2parking/client/package.jdo
16:22:54,779 (main) DEBUG [DataNucleus.MetaData] - No encontramos el MetaData del tipo "jdo" por la clase "p2parking.client.ventanas.Ventana_registro" en /p2parking/client/ventanas/package.jdo
16:22:54,780 (main) DEBUG [DataNucleus.MetaData] - No encontramos el MetaData del tipo "jdo" por la clase "p2parking.client.ventanas.Ventana_registro" en /p2parking/client/ventanas/Ventana_registro.jdo
16:22:54,780 (main) DEBUG [DataNucleus.MetaData] - No hemos encontrado el MetaData del tipo "jdo" por la clase "p2parking.client.ventanas.Ventana_registro"
16:22:54,780 (main) DEBUG [DataNucleus.MetaData] - Registrando la clase "p2parking.client.ventanas.Ventana_registro" no tener Meta-Data
16:22:54,780 (main) DEBUG [DataNucleus.MetaData] - La clase "p2parking.client.ventanas.Ventana_registro" no tiene MetaData o annotaciones.
16:22:54,782 (main) DEBUG [DataNucleus.MetaData] - No encontramos el MetaData del tipo "jdo" por la clase "p2parking.client.ventanas.Ventana_subir_plaza$1" en /META-INF/package.jdo
16:22:54,783 (main) DEBUG [DataNucleus.MetaData] - No encontramos el MetaData del tipo "jdo" por la clase "p2parking.client.ventanas.Ventana_subir_plaza$1" en /WEB-INF/package.jdo
16:22:54,783 (main) DEBUG [DataNucleus.MetaData] - No encontramos el MetaData del tipo "jdo" por la clase "p2parking.client.ventanas.Ventana_subir_plaza$1" en /package.jdo
16:22:54,783 (main) DEBUG [DataNucleus.MetaData] - No encontramos el MetaData del tipo "jdo" por la clase "p2parking.client.ventanas.Ventana_subir_plaza$1" en /p2parking/package.jdo
16:22:54,783 (main) DEBUG [DataNucleus.MetaData] - No encontramos el MetaData del tipo "jdo" por la clase "p2parking.client.ventanas.Ventana_subir_plaza$1" en /p2parking/client/package.jdo
16:22:54,783 (main) DEBUG [DataNucleus.MetaData] - No encontramos el MetaData del tipo "jdo" por la clase "p2parking.client.ventanas.Ventana_subir_plaza$1" en /p2parking/client/ventanas/package.jdo
16:22:54,784 (main) DEBUG [DataNucleus.MetaData] - No encontramos el MetaData del tipo "jdo" por la clase "p2parking.client.ventanas.Ventana_subir_plaza$1" en /p2parking/client/ventanas/Ventana_subir_plaza$1.jdo
16:22:54,784 (main) DEBUG [DataNucleus.MetaData] - No hemos encontrado el MetaData del tipo "jdo" por la clase "p2parking.client.ventanas.Ventana_subir_plaza$1"
16:22:54,784 (main) DEBUG [DataNucleus.MetaData] - Registrando la clase "p2parking.client.ventanas.Ventana_subir_plaza$1" no tener Meta-Data
16:22:54,784 (main) DEBUG [DataNucleus.MetaData] - La clase "p2parking.client.ventanas.Ventana_subir_plaza$1" no tiene MetaData o annotaciones.
16:22:54,785 (main) DEBUG [DataNucleus.MetaData] - No encontramos el MetaData del tipo "jdo" por la clase "p2parking.client.ventanas.Ventana_subir_plaza$2" en /META-INF/package.jdo
16:22:54,786 (main) DEBUG [DataNucleus.MetaData] - No encontramos el MetaData del tipo "jdo" por la clase "p2parking.client.ventanas.Ventana_subir_plaza$2" en /WEB-INF/package.jdo
16:22:54,786 (main) DEBUG [DataNucleus.MetaData] - No encontramos el MetaData del tipo "jdo" por la clase "p2parking.client.ventanas.Ventana_subir_plaza$2" en /package.jdo
16:22:54,787 (main) DEBUG [DataNucleus.MetaData] - No encontramos el MetaData del tipo "jdo" por la clase "p2parking.client.ventanas.Ventana_subir_plaza$2" en /p2parking/package.jdo
16:22:54,787 (main) DEBUG [DataNucleus.MetaData] - No encontramos el MetaData del tipo "jdo" por la clase "p2parking.client.ventanas.Ventana_subir_plaza$2" en /p2parking/client/package.jdo
16:22:54,787 (main) DEBUG [DataNucleus.MetaData] - No encontramos el MetaData del tipo "jdo" por la clase "p2parking.client.ventanas.Ventana_subir_plaza$2" en /p2parking/client/ventanas/package.jdo
16:22:54,788 (main) DEBUG [DataNucleus.MetaData] - No encontramos el MetaData del tipo "jdo" por la clase "p2parking.client.ventanas.Ventana_subir_plaza$2" en /p2parking/client/ventanas/Ventana_subir_plaza$2.jdo
16:22:54,788 (main) DEBUG [DataNucleus.MetaData] - No hemos encontrado el MetaData del tipo "jdo" por la clase "p2parking.client.ventanas.Ventana_subir_plaza$2"
16:22:54,788 (main) DEBUG [DataNucleus.MetaData] - Registrando la clase "p2parking.client.ventanas.Ventana_subir_plaza$2" no tener Meta-Data
16:22:54,788 (main) DEBUG [DataNucleus.MetaData] - La clase "p2parking.client.ventanas.Ventana_subir_plaza$2" no tiene MetaData o annotaciones.
16:22:54,789 (main) DEBUG [DataNucleus.MetaData] - No encontramos el MetaData del tipo "jdo" por la clase "p2parking.client.ventanas.Ventana_subir_plaza" en /META-INF/package.jdo
16:22:54,789 (main) DEBUG [DataNucleus.MetaData] - No encontramos el MetaData del tipo "jdo" por la clase "p2parking.client.ventanas.Ventana_subir_plaza" en /WEB-INF/package.jdo
16:22:54,790 (main) DEBUG [DataNucleus.MetaData] - No encontramos el MetaData del tipo "jdo" por la clase "p2parking.client.ventanas.Ventana_subir_plaza" en /package.jdo
16:22:54,790 (main) DEBUG [DataNucleus.MetaData] - No encontramos el MetaData del tipo "jdo" por la clase "p2parking.client.ventanas.Ventana_subir_plaza" en /p2parking/package.jdo
16:22:54,790 (main) DEBUG [DataNucleus.MetaData] - No encontramos el MetaData del tipo "jdo" por la clase "p2parking.client.ventanas.Ventana_subir_plaza" en /p2parking/client/package.jdo
16:22:54,790 (main) DEBUG [DataNucleus.MetaData] - No encontramos el MetaData del tipo "jdo" por la clase "p2parking.client.ventanas.Ventana_subir_plaza" en /p2parking/client/ventanas/package.jdo
16:22:54,791 (main) DEBUG [DataNucleus.MetaData] - No encontramos el MetaData del tipo "jdo" por la clase "p2parking.client.ventanas.Ventana_subir_plaza" en /p2parking/client/ventanas/Ventana_subir_plaza.jdo
16:22:54,791 (main) DEBUG [DataNucleus.MetaData] - No hemos encontrado el MetaData del tipo "jdo" por la clase "p2parking.client.ventanas.Ventana_subir_plaza"
16:22:54,791 (main) DEBUG [DataNucleus.MetaData] - Registrando la clase "p2parking.client.ventanas.Ventana_subir_plaza" no tener Meta-Data
16:22:54,791 (main) DEBUG [DataNucleus.MetaData] - La clase "p2parking.client.ventanas.Ventana_subir_plaza" no tiene MetaData o annotaciones.
16:22:54,792 (main) DEBUG [DataNucleus.MetaData] - No encontramos el MetaData del tipo "jdo" por la clase "p2parking.jdo.Main" en /META-INF/package.jdo
16:22:54,793 (main) DEBUG [DataNucleus.MetaData] - No encontramos el MetaData del tipo "jdo" por la clase "p2parking.jdo.Main" en /WEB-INF/package.jdo
16:22:54,793 (main) DEBUG [DataNucleus.MetaData] - No encontramos el MetaData del tipo "jdo" por la clase "p2parking.jdo.Main" en /package.jdo
16:22:54,793 (main) DEBUG [DataNucleus.MetaData] - No encontramos el MetaData del tipo "jdo" por la clase "p2parking.jdo.Main" en /p2parking/package.jdo
16:22:54,794 (main) DEBUG [DataNucleus.MetaData] - No encontramos el MetaData del tipo "jdo" por la clase "p2parking.jdo.Main" en /p2parking/jdo/package.jdo
16:22:54,794 (main) DEBUG [DataNucleus.MetaData] - No encontramos el MetaData del tipo "jdo" por la clase "p2parking.jdo.Main" en /p2parking/jdo/Main.jdo
16:22:54,794 (main) DEBUG [DataNucleus.MetaData] - No hemos encontrado el MetaData del tipo "jdo" por la clase "p2parking.jdo.Main"
16:22:54,795 (main) DEBUG [DataNucleus.MetaData] - Registrando la clase "p2parking.jdo.Main" no tener Meta-Data
16:22:54,795 (main) DEBUG [DataNucleus.MetaData] - La clase "p2parking.jdo.Main" no tiene MetaData o annotaciones.
16:22:54,835 (main) DEBUG [DataNucleus.MetaData] - Clase "p2parking.jdo.Plaza" tiene anotaciones de JDO y vamos a usarlas.
16:22:54,837 (main) DEBUG [DataNucleus.MetaData] - Clase "p2parking.jdo.Usuario" tiene anotaciones de JDO y vamos a usarlas.
16:22:54,838 (main) DEBUG [DataNucleus.MetaData] - No encontramos el MetaData del tipo "jdo" por la clase "p2parking.serialization.Alquiler" en /META-INF/package.jdo
16:22:54,838 (main) DEBUG [DataNucleus.MetaData] - No encontramos el MetaData del tipo "jdo" por la clase "p2parking.serialization.Alquiler" en /WEB-INF/package.jdo
16:22:54,838 (main) DEBUG [DataNucleus.MetaData] - No encontramos el MetaData del tipo "jdo" por la clase "p2parking.serialization.Alquiler" en /package.jdo
16:22:54,838 (main) DEBUG [DataNucleus.MetaData] - No encontramos el MetaData del tipo "jdo" por la clase "p2parking.serialization.Alquiler" en /p2parking/package.jdo
16:22:54,839 (main) DEBUG [DataNucleus.MetaData] - No encontramos el MetaData del tipo "jdo" por la clase "p2parking.serialization.Alquiler" en /p2parking/serialization/package.jdo
16:22:54,839 (main) DEBUG [DataNucleus.MetaData] - No encontramos el MetaData del tipo "jdo" por la clase "p2parking.serialization.Alquiler" en /p2parking/serialization/Alquiler.jdo
16:22:54,839 (main) DEBUG [DataNucleus.MetaData] - No hemos encontrado el MetaData del tipo "jdo" por la clase "p2parking.serialization.Alquiler"
16:22:54,839 (main) DEBUG [DataNucleus.MetaData] - Registrando la clase "p2parking.serialization.Alquiler" no tener Meta-Data
16:22:54,839 (main) DEBUG [DataNucleus.MetaData] - La clase "p2parking.serialization.Alquiler" no tiene MetaData o annotaciones.
16:22:54,840 (main) DEBUG [DataNucleus.MetaData] - No encontramos el MetaData del tipo "jdo" por la clase "p2parking.serialization.Plaza" en /META-INF/package.jdo
16:22:54,840 (main) DEBUG [DataNucleus.MetaData] - No encontramos el MetaData del tipo "jdo" por la clase "p2parking.serialization.Plaza" en /WEB-INF/package.jdo
16:22:54,840 (main) DEBUG [DataNucleus.MetaData] - No encontramos el MetaData del tipo "jdo" por la clase "p2parking.serialization.Plaza" en /package.jdo
16:22:54,854 (main) DEBUG [DataNucleus.MetaData] - No encontramos el MetaData del tipo "jdo" por la clase "p2parking.serialization.Plaza" en /p2parking/package.jdo
16:22:54,855 (main) DEBUG [DataNucleus.MetaData] - No encontramos el MetaData del tipo "jdo" por la clase "p2parking.serialization.Plaza" en /p2parking/serialization/package.jdo
16:22:54,856 (main) DEBUG [DataNucleus.MetaData] - No encontramos el MetaData del tipo "jdo" por la clase "p2parking.serialization.Plaza" en /p2parking/serialization/Plaza.jdo
16:22:54,856 (main) DEBUG [DataNucleus.MetaData] - No hemos encontrado el MetaData del tipo "jdo" por la clase "p2parking.serialization.Plaza"
16:22:54,856 (main) DEBUG [DataNucleus.MetaData] - Registrando la clase "p2parking.serialization.Plaza" no tener Meta-Data
16:22:54,856 (main) DEBUG [DataNucleus.MetaData] - La clase "p2parking.serialization.Plaza" no tiene MetaData o annotaciones.
16:22:54,858 (main) DEBUG [DataNucleus.MetaData] - No encontramos el MetaData del tipo "jdo" por la clase "p2parking.serialization.Usuario" en /META-INF/package.jdo
16:22:54,859 (main) DEBUG [DataNucleus.MetaData] - No encontramos el MetaData del tipo "jdo" por la clase "p2parking.serialization.Usuario" en /WEB-INF/package.jdo
16:22:54,859 (main) DEBUG [DataNucleus.MetaData] - No encontramos el MetaData del tipo "jdo" por la clase "p2parking.serialization.Usuario" en /package.jdo
16:22:54,859 (main) DEBUG [DataNucleus.MetaData] - No encontramos el MetaData del tipo "jdo" por la clase "p2parking.serialization.Usuario" en /p2parking/package.jdo
16:22:54,859 (main) DEBUG [DataNucleus.MetaData] - No encontramos el MetaData del tipo "jdo" por la clase "p2parking.serialization.Usuario" en /p2parking/serialization/package.jdo
16:22:54,860 (main) DEBUG [DataNucleus.MetaData] - No encontramos el MetaData del tipo "jdo" por la clase "p2parking.serialization.Usuario" en /p2parking/serialization/Usuario.jdo
16:22:54,860 (main) DEBUG [DataNucleus.MetaData] - No hemos encontrado el MetaData del tipo "jdo" por la clase "p2parking.serialization.Usuario"
16:22:54,860 (main) DEBUG [DataNucleus.MetaData] - Registrando la clase "p2parking.serialization.Usuario" no tener Meta-Data
16:22:54,860 (main) DEBUG [DataNucleus.MetaData] - La clase "p2parking.serialization.Usuario" no tiene MetaData o annotaciones.
16:22:54,862 (main) DEBUG [DataNucleus.MetaData] - No encontramos el MetaData del tipo "jdo" por la clase "p2parking.server.DonationCollector" en /META-INF/package.jdo
16:22:54,862 (main) DEBUG [DataNucleus.MetaData] - No encontramos el MetaData del tipo "jdo" por la clase "p2parking.server.DonationCollector" en /WEB-INF/package.jdo
16:22:54,863 (main) DEBUG [DataNucleus.MetaData] - No encontramos el MetaData del tipo "jdo" por la clase "p2parking.server.DonationCollector" en /package.jdo
16:22:54,864 (main) DEBUG [DataNucleus.MetaData] - No encontramos el MetaData del tipo "jdo" por la clase "p2parking.server.DonationCollector" en /p2parking/package.jdo
16:22:54,864 (main) DEBUG [DataNucleus.MetaData] - No encontramos el MetaData del tipo "jdo" por la clase "p2parking.server.DonationCollector" en /p2parking/server/package.jdo
16:22:54,864 (main) DEBUG [DataNucleus.MetaData] - No encontramos el MetaData del tipo "jdo" por la clase "p2parking.server.DonationCollector" en /p2parking/server/DonationCollector.jdo
16:22:54,864 (main) DEBUG [DataNucleus.MetaData] - No hemos encontrado el MetaData del tipo "jdo" por la clase "p2parking.server.DonationCollector"
16:22:54,865 (main) DEBUG [DataNucleus.MetaData] - Registrando la clase "p2parking.server.DonationCollector" no tener Meta-Data
16:22:54,865 (main) DEBUG [DataNucleus.MetaData] - La clase "p2parking.server.DonationCollector" no tiene MetaData o annotaciones.
16:22:54,866 (main) DEBUG [DataNucleus.MetaData] - No encontramos el MetaData del tipo "jdo" por la clase "p2parking.server.Main" en /META-INF/package.jdo
16:22:54,866 (main) DEBUG [DataNucleus.MetaData] - No encontramos el MetaData del tipo "jdo" por la clase "p2parking.server.Main" en /WEB-INF/package.jdo
16:22:54,866 (main) DEBUG [DataNucleus.MetaData] - No encontramos el MetaData del tipo "jdo" por la clase "p2parking.server.Main" en /package.jdo
16:22:54,866 (main) DEBUG [DataNucleus.MetaData] - No encontramos el MetaData del tipo "jdo" por la clase "p2parking.server.Main" en /p2parking/package.jdo
16:22:54,867 (main) DEBUG [DataNucleus.MetaData] - No encontramos el MetaData del tipo "jdo" por la clase "p2parking.server.Main" en /p2parking/server/package.jdo
16:22:54,867 (main) DEBUG [DataNucleus.MetaData] - No encontramos el MetaData del tipo "jdo" por la clase "p2parking.server.Main" en /p2parking/server/Main.jdo
16:22:54,867 (main) DEBUG [DataNucleus.MetaData] - No hemos encontrado el MetaData del tipo "jdo" por la clase "p2parking.server.Main"
16:22:54,867 (main) DEBUG [DataNucleus.MetaData] - Registrando la clase "p2parking.server.Main" no tener Meta-Data
16:22:54,867 (main) DEBUG [DataNucleus.MetaData] - La clase "p2parking.server.Main" no tiene MetaData o annotaciones.
16:22:54,879 (main) DEBUG [DataNucleus.MetaData] - Clase "p2parking.server.MainServer" tiene anotaciones pero no hay ningún AnnotationReader registrado para este tipo de anotaciones. Por favor compruebe el CLASSPATH y las anotaciones para validez.
16:22:54,880 (main) DEBUG [DataNucleus.MetaData] - No encontramos el MetaData del tipo "jdo" por la clase "p2parking.server.MainServer" en /META-INF/package.jdo
16:22:54,880 (main) DEBUG [DataNucleus.MetaData] - No encontramos el MetaData del tipo "jdo" por la clase "p2parking.server.MainServer" en /WEB-INF/package.jdo
16:22:54,881 (main) DEBUG [DataNucleus.MetaData] - No encontramos el MetaData del tipo "jdo" por la clase "p2parking.server.MainServer" en /package.jdo
16:22:54,881 (main) DEBUG [DataNucleus.MetaData] - No encontramos el MetaData del tipo "jdo" por la clase "p2parking.server.MainServer" en /p2parking/package.jdo
16:22:54,881 (main) DEBUG [DataNucleus.MetaData] - No encontramos el MetaData del tipo "jdo" por la clase "p2parking.server.MainServer" en /p2parking/server/package.jdo
16:22:54,882 (main) DEBUG [DataNucleus.MetaData] - No encontramos el MetaData del tipo "jdo" por la clase "p2parking.server.MainServer" en /p2parking/server/MainServer.jdo
16:22:54,882 (main) DEBUG [DataNucleus.MetaData] - No hemos encontrado el MetaData del tipo "jdo" por la clase "p2parking.server.MainServer"
16:22:54,882 (main) DEBUG [DataNucleus.MetaData] - Clase "p2parking.server.MainServer" tiene anotaciones pero no hay ningún AnnotationReader registrado para este tipo de anotaciones. Por favor compruebe el CLASSPATH y las anotaciones para validez.
16:22:54,882 (main) DEBUG [DataNucleus.MetaData] - Registrando la clase "p2parking.server.MainServer" no tener Meta-Data
16:22:54,882 (main) DEBUG [DataNucleus.MetaData] - La clase "p2parking.server.MainServer" no tiene MetaData o annotaciones.
16:22:54,882 (main) DEBUG [DataNucleus.MetaData] - Populación del MetaData ...
16:22:54,883 (main) DEBUG [DataNucleus.MetaData] - Clase "p2parking.jdo.Plaza" : Populando Meta-Data
16:22:54,885 (main) DEBUG [DataNucleus.MetaData] - Clase "p2parking.jdo.Plaza" campo "precio" : añadiendo el Meta-Data por el campo como no estaba en la definición de Meta-Data.
16:22:54,886 (main) DEBUG [DataNucleus.MetaData] - Clase "p2parking.jdo.Plaza" campo "localizacion" : añadiendo el Meta-Data por el campo como no estaba en la definición de Meta-Data.
16:22:54,886 (main) DEBUG [DataNucleus.MetaData] - Clase "p2parking.jdo.Plaza" campo "fotos" : añadiendo el Meta-Data por el campo como no estaba en la definición de Meta-Data.
16:22:54,886 (main) DEBUG [DataNucleus.MetaData] - Clase "p2parking.jdo.Plaza" campo "propietario" : añadiendo el Meta-Data por el campo como no estaba en la definición de Meta-Data.
16:22:54,890 (main) DEBUG [DataNucleus.MetaData] - Clase "p2parking.jdo.Usuario" : Populando Meta-Data
16:22:54,890 (main) DEBUG [DataNucleus.MetaData] - Clase "p2parking.jdo.Usuario" campo "nombre" : añadiendo el Meta-Data por el campo como no estaba en la definición de Meta-Data.
16:22:54,890 (main) DEBUG [DataNucleus.MetaData] - Clase "p2parking.jdo.Usuario" campo "correo" : añadiendo el Meta-Data por el campo como no estaba en la definición de Meta-Data.
16:22:54,891 (main) DEBUG [DataNucleus.MetaData] - Clase "p2parking.jdo.Usuario" campo "contrasena" : añadiendo el Meta-Data por el campo como no estaba en la definición de Meta-Data.
16:22:54,891 (main) DEBUG [DataNucleus.MetaData] - Clase "p2parking.jdo.Usuario" campo "foto" : añadiendo el Meta-Data por el campo como no estaba en la definición de Meta-Data.
16:22:54,891 (main) DEBUG [DataNucleus.MetaData] - Inicialisación del MetaData ...
16:22:54,892 (main) DEBUG [DataNucleus.MetaData] - Clase "p2parking.jdo.Plaza" : Inicializando Meta-Data
16:22:54,893 (main) DEBUG [DataNucleus.MetaData] - Clase "p2parking.jdo.Usuario" : Inicializando Meta-Data
16:22:54,893 (main) DEBUG [DataNucleus.MetaData] - MetaData Management : Carga de Metadata ya ha terminado
16:22:54,897 (main) DEBUG [DataNucleus.Enhancer] - Enhance de la clase "p2parking.jdo.Plaza" empezando ...
16:22:54,913 (main) DEBUG [DataNucleus.Enhancer] - La clase "p2parking.jdo.Plaza" no implementa el interfaz "org.datanucleus.enhancement.Persistable"!
16:22:54,913 (main) DEBUG [DataNucleus.Enhancer] - La clase "p2parking.jdo.Plaza" no tiene el campo "dnStateManager" pero lo necesita
16:22:54,913 (main) DEBUG [DataNucleus.Enhancer] - La clase "p2parking.jdo.Plaza" no tiene el campo "dnInheritedFieldCount" pero lo necesita
16:22:54,913 (main) DEBUG [DataNucleus.Enhancer] - La clase "p2parking.jdo.Plaza" no tiene el campo "dnFlags" pero lo necesita
16:22:54,913 (main) DEBUG [DataNucleus.Enhancer] - La clase "p2parking.jdo.Plaza" no tiene el campo "dnFieldNames" pero lo necesita
16:22:54,914 (main) DEBUG [DataNucleus.Enhancer] - La clase "p2parking.jdo.Plaza" no tiene el metodo "dnReplaceField" pero lo necesita
16:22:54,914 (main) DEBUG [DataNucleus.Enhancer] - La clase "p2parking.jdo.Plaza" no tiene el metodo "dnGetStateManager" pero lo necesita
16:22:54,914 (main) DEBUG [DataNucleus.Enhancer] - La clase "p2parking.jdo.Plaza" no tiene el metodo "dnIsTransactional" pero lo necesita
16:22:54,914 (main) DEBUG [DataNucleus.Enhancer] - La clase "p2parking.jdo.Plaza" no tiene el metodo "dnNewInstance" pero lo necesita
16:22:54,914 (main) DEBUG [DataNucleus.Enhancer] - La clase "p2parking.jdo.Plaza" no tiene el metodo "dnNewInstance" pero lo necesita
16:22:54,914 (main) DEBUG [DataNucleus.Enhancer] - La clase "p2parking.jdo.Plaza" no tiene el metodo "dnProvideFields" pero lo necesita
16:22:54,914 (main) DEBUG [DataNucleus.Enhancer] - La clase "p2parking.jdo.Plaza" no tiene el metodo "___dn$loadClass" pero lo necesita
16:22:54,914 (main) DEBUG [DataNucleus.Enhancer] - La clase "p2parking.jdo.Plaza" no tiene el metodo "dnGetManagedFieldCount" pero lo necesita
16:22:54,914 (main) DEBUG [DataNucleus.Enhancer] - La clase "p2parking.jdo.Plaza" no tiene el metodo "dnIsDirty" pero lo necesita
16:22:54,914 (main) DEBUG [DataNucleus.Enhancer] - La clase "p2parking.jdo.Plaza" no tiene el metodo "dnReplaceStateManager" pero lo necesita
16:22:54,914 (main) DEBUG [DataNucleus.Enhancer] - La clase "p2parking.jdo.Plaza" no tiene el metodo "dnReplaceFlags" pero lo necesita
16:22:54,914 (main) DEBUG [DataNucleus.Enhancer] - La clase "p2parking.jdo.Plaza" no tiene el metodo "dnIsDetached" pero lo necesita
16:22:54,914 (main) DEBUG [DataNucleus.Enhancer] - La clase "p2parking.jdo.Plaza" no tiene el metodo "dnMakeDirty" pero lo necesita
16:22:54,914 (main) DEBUG [DataNucleus.Enhancer] - La clase "p2parking.jdo.Plaza" no tiene el metodo "dnIsDeleted" pero lo necesita
16:22:54,914 (main) DEBUG [DataNucleus.Enhancer] - La clase "p2parking.jdo.Plaza" no tiene el metodo "dnProvideField" pero lo necesita
16:22:54,914 (main) DEBUG [DataNucleus.Enhancer] - La clase "p2parking.jdo.Plaza" no tiene el metodo "dnPreSerialize" pero lo necesita
16:22:54,914 (main) DEBUG [DataNucleus.Enhancer] - La clase "p2parking.jdo.Plaza" no tiene el metodo "dnGetObjectId" pero lo necesita
16:22:54,914 (main) DEBUG [DataNucleus.Enhancer] - La clase "p2parking.jdo.Plaza" no tiene el metodo "dnGetVersion" pero lo necesita
16:22:54,915 (main) DEBUG [DataNucleus.Enhancer] - La clase "p2parking.jdo.Plaza" no tiene el metodo "dnGetTransactionalObjectId" pero lo necesita
16:22:54,915 (main) DEBUG [DataNucleus.Enhancer] - La clase "p2parking.jdo.Plaza" no tiene el metodo "dnIsNew" pero lo necesita
16:22:54,915 (main) DEBUG [DataNucleus.Enhancer] - La clase "p2parking.jdo.Plaza" no tiene el metodo "dnCopyKeyFieldsToObjectId" pero lo necesita
16:22:54,915 (main) DEBUG [DataNucleus.Enhancer] - La clase "p2parking.jdo.Plaza" no tiene el metodo "dnCopyKeyFieldsToObjectId" pero lo necesita
16:22:54,915 (main) DEBUG [DataNucleus.Enhancer] - La clase "p2parking.jdo.Plaza" no tiene el metodo "dnCopyField" pero lo necesita
16:22:54,915 (main) DEBUG [DataNucleus.Enhancer] - La clase "p2parking.jdo.Plaza" no tiene el metodo "dnCopyKeyFieldsFromObjectId" pero lo necesita
16:22:54,915 (main) DEBUG [DataNucleus.Enhancer] - La clase "p2parking.jdo.Plaza" no tiene el metodo "dnCopyKeyFieldsFromObjectId" pero lo necesita
16:22:54,915 (main) DEBUG [DataNucleus.Enhancer] - La clase "p2parking.jdo.Plaza" no tiene el metodo "dnGetExecutionContext" pero lo necesita
16:22:54,915 (main) DEBUG [DataNucleus.Enhancer] - La clase "p2parking.jdo.Plaza" no tiene el metodo "dnCopyFields" pero lo necesita
16:22:54,915 (main) DEBUG [DataNucleus.Enhancer] - La clase "p2parking.jdo.Plaza" no tiene el metodo "__dnGetInheritedFieldCount" pero lo necesita
16:22:54,915 (main) DEBUG [DataNucleus.Enhancer] - La clase "p2parking.jdo.Plaza" no tiene el metodo "dnNewObjectIdInstance" pero lo necesita
16:22:54,915 (main) DEBUG [DataNucleus.Enhancer] - La clase "p2parking.jdo.Plaza" no tiene el metodo "dnNewObjectIdInstance" pero lo necesita
16:22:54,915 (main) DEBUG [DataNucleus.Enhancer] - La clase "p2parking.jdo.Plaza" no tiene el metodo "dnIsPersistent" pero lo necesita
16:22:54,915 (main) DEBUG [DataNucleus.Enhancer] - La clase "p2parking.jdo.Plaza" no tiene el metodo "dnReplaceFields" pero lo necesita
16:22:54,915 (main) DEBUG [DataNucleus.Enhancer] - La clase "p2parking.jdo.Plaza" no tiene el metodo "__dnFieldNamesInit" pero lo necesita
16:22:54,930 (main) DEBUG [DataNucleus.Enhancer] - Agregando el interfaz: org.datanucleus.enhancement.Persistable
16:22:54,933 (main) DEBUG [DataNucleus.Enhancer] - Enhancing metodo original p2parking.jdo.Plaza.<init> : ignorando enhance de set del campo "p2parking.jdo.Plaza.precio"
16:22:54,933 (main) DEBUG [DataNucleus.Enhancer] - Enhancing metodo original p2parking.jdo.Plaza.<init> : ignorando enhance de set del campo "p2parking.jdo.Plaza.localizacion"
16:22:54,933 (main) DEBUG [DataNucleus.Enhancer] - Enhancing metodo original p2parking.jdo.Plaza.<init> : ignorando enhance de set del campo "p2parking.jdo.Plaza.fotos"
16:22:54,933 (main) DEBUG [DataNucleus.Enhancer] - Enhancing metodo original p2parking.jdo.Plaza.<init> : ignorando enhance de set del campo "p2parking.jdo.Plaza.propietario"
16:22:54,933 (main) DEBUG [DataNucleus.Enhancer] - Enhancing metodo original p2parking.jdo.Plaza.getPropietario, cambiando el uso del campo "p2parking.jdo.Plaza.propietario" para utilisar "dnGetpropietario()"
16:22:54,933 (main) DEBUG [DataNucleus.Enhancer] - Enhancing metodo original p2parking.jdo.Plaza.setPropietario, cambiando el uso del campo "p2parking.jdo.Plaza.propietario" para utilisar "dnSetpropietario()"
16:22:54,934 (main) DEBUG [DataNucleus.Enhancer] - Enhancing metodo original p2parking.jdo.Plaza.getPrecio, cambiando el uso del campo "p2parking.jdo.Plaza.precio" para utilisar "dnGetprecio()"
16:22:54,934 (main) DEBUG [DataNucleus.Enhancer] - Enhancing metodo original p2parking.jdo.Plaza.setPrecio, cambiando el uso del campo "p2parking.jdo.Plaza.precio" para utilisar "dnSetprecio()"
16:22:54,934 (main) DEBUG [DataNucleus.Enhancer] - Enhancing metodo original p2parking.jdo.Plaza.getLocalizacion, cambiando el uso del campo "p2parking.jdo.Plaza.localizacion" para utilisar "dnGetlocalizacion()"
16:22:54,934 (main) DEBUG [DataNucleus.Enhancer] - Enhancing metodo original p2parking.jdo.Plaza.setLocalizacion, cambiando el uso del campo "p2parking.jdo.Plaza.localizacion" para utilisar "dnSetlocalizacion()"
16:22:54,934 (main) DEBUG [DataNucleus.Enhancer] - Enhancing metodo original p2parking.jdo.Plaza.getFotos, cambiando el uso del campo "p2parking.jdo.Plaza.fotos" para utilisar "dnGetfotos()"
16:22:54,934 (main) DEBUG [DataNucleus.Enhancer] - Enhancing metodo original p2parking.jdo.Plaza.setFotos, cambiando el uso del campo "p2parking.jdo.Plaza.fotos" para utilisar "dnSetfotos()"
16:22:54,934 (main) DEBUG [DataNucleus.Enhancer] - Agregando el campo "org.datanucleus.enhancement.StateManager dnStateManager"
16:22:54,934 (main) DEBUG [DataNucleus.Enhancer] - Agregando el campo "byte dnFlags"
16:22:54,934 (main) DEBUG [DataNucleus.Enhancer] - Agregando el campo "[Ljava.lang.String; dnFieldNames"
16:22:54,934 (main) DEBUG [DataNucleus.Enhancer] - Agregando el campo "int dnInheritedFieldCount"
16:22:54,935 (main) DEBUG [DataNucleus.Enhancer] - Agregando el metodo "void <clinit>()"
16:22:54,936 (main) DEBUG [DataNucleus.Enhancer] - Agregando el constructor "p2parking.jdo.Plaza()"
16:22:54,936 (main) DEBUG [DataNucleus.Enhancer] - Agregando el metodo "void dnCopyKeyFieldsFromObjectId(org.datanucleus.enhancement.Persistable$ObjectIdFieldConsumer fc, java.lang.Object oid)"
16:22:54,936 (main) DEBUG [DataNucleus.Enhancer] - Agregando el metodo "void dnCopyKeyFieldsFromObjectId(java.lang.Object oid)"
16:22:54,937 (main) DEBUG [DataNucleus.Enhancer] - Agregando el metodo "void dnCopyKeyFieldsToObjectId(java.lang.Object oid)"
16:22:54,937 (main) DEBUG [DataNucleus.Enhancer] - Agregando el metodo "void dnCopyKeyFieldsToObjectId(org.datanucleus.enhancement.Persistable$ObjectIdFieldSupplier fs, java.lang.Object oid)"
16:22:54,937 (main) DEBUG [DataNucleus.Enhancer] - Agregando el metodo "java.lang.Object dnGetObjectId()"
16:22:54,937 (main) DEBUG [DataNucleus.Enhancer] - Agregando el metodo "java.lang.Object dnGetVersion()"
16:22:54,937 (main) DEBUG [DataNucleus.Enhancer] - Agregando el metodo "void dnPreSerialize()"
16:22:54,938 (main) DEBUG [DataNucleus.Enhancer] - Agregando el metodo "org.datanucleus.enhancement.ExecutionContextReference dnGetExecutionContext()"
16:22:54,938 (main) DEBUG [DataNucleus.Enhancer] - Agregando el metodo "org.datanucleus.enhancement.StateManager dnGetStateManager()"
16:22:54,938 (main) DEBUG [DataNucleus.Enhancer] - Agregando el metodo "java.lang.Object dnGetTransactionalObjectId()"
16:22:54,938 (main) DEBUG [DataNucleus.Enhancer] - Agregando el metodo "boolean dnIsDeleted()"
16:22:54,939 (main) DEBUG [DataNucleus.Enhancer] - Agregando el metodo "boolean dnIsDirty()"
16:22:54,939 (main) DEBUG [DataNucleus.Enhancer] - Agregando el metodo "boolean dnIsNew()"
16:22:54,939 (main) DEBUG [DataNucleus.Enhancer] - Agregando el metodo "boolean dnIsPersistent()"
16:22:54,939 (main) DEBUG [DataNucleus.Enhancer] - Agregando el metodo "boolean dnIsTransactional()"
16:22:54,939 (main) DEBUG [DataNucleus.Enhancer] - Agregando el metodo "void dnMakeDirty(java.lang.String fieldName)"
16:22:54,939 (main) DEBUG [DataNucleus.Enhancer] - Agregando el metodo "java.lang.Object dnNewObjectIdInstance()"
16:22:54,939 (main) DEBUG [DataNucleus.Enhancer] - Agregando el metodo "java.lang.Object dnNewObjectIdInstance(java.lang.Object key)"
16:22:54,939 (main) DEBUG [DataNucleus.Enhancer] - Agregando el metodo "void dnProvideFields([I indices)"
16:22:54,939 (main) DEBUG [DataNucleus.Enhancer] - Agregando el metodo "void dnReplaceFields([I indices)"
16:22:54,940 (main) DEBUG [DataNucleus.Enhancer] - Agregando el metodo "void dnReplaceFlags()"
16:22:54,941 (main) DEBUG [DataNucleus.Enhancer] - Agregando el metodo "void dnReplaceStateManager(org.datanucleus.enhancement.StateManager sm)"
16:22:54,941 (main) DEBUG [DataNucleus.Enhancer] - Agregando el metodo "boolean dnIsDetached()"
16:22:54,941 (main) DEBUG [DataNucleus.Enhancer] - Agregando el metodo "org.datanucleus.enhancement.Persistable dnNewInstance(org.datanucleus.enhancement.StateManager sm)"
16:22:54,941 (main) DEBUG [DataNucleus.Enhancer] - Agregando el metodo "org.datanucleus.enhancement.Persistable dnNewInstance(org.datanucleus.enhancement.StateManager sm, java.lang.Object obj)"
16:22:54,942 (main) DEBUG [DataNucleus.Enhancer] - Agregando el metodo "void dnReplaceField(int index)"
16:22:54,942 (main) DEBUG [DataNucleus.Enhancer] - Agregando el metodo "void dnProvideField(int index)"
16:22:54,942 (main) DEBUG [DataNucleus.Enhancer] - Agregando el metodo "void dnCopyField(p2parking.jdo.Plaza obj, int index)"
16:22:54,942 (main) DEBUG [DataNucleus.Enhancer] - Agregando el metodo "void dnCopyFields(java.lang.Object obj, [I indices)"
16:22:54,942 (main) DEBUG [DataNucleus.Enhancer] - Agregando el metodo "[Ljava.lang.String; __dnFieldNamesInit()"
16:22:54,942 (main) DEBUG [DataNucleus.Enhancer] - Agregando el metodo "int __dnGetInheritedFieldCount()"
16:22:54,942 (main) DEBUG [DataNucleus.Enhancer] - Agregando el metodo "int dnGetManagedFieldCount()"
16:22:54,943 (main) DEBUG [DataNucleus.Enhancer] - Agregando el metodo "java.lang.Class ___dn$loadClass(java.lang.String className)"
16:22:54,944 (main) DEBUG [DataNucleus.Enhancer] - Agregando el metodo "java.util.ArrayList dnGetfotos(p2parking.jdo.Plaza objPC)"
16:22:54,944 (main) DEBUG [DataNucleus.Enhancer] - Agregando el metodo "void dnSetfotos(p2parking.jdo.Plaza objPC, java.util.ArrayList val)"
16:22:54,945 (main) DEBUG [DataNucleus.Enhancer] - Agregando el metodo "java.lang.String dnGetlocalizacion(p2parking.jdo.Plaza objPC)"
16:22:54,945 (main) DEBUG [DataNucleus.Enhancer] - Agregando el metodo "void dnSetlocalizacion(p2parking.jdo.Plaza objPC, java.lang.String val)"
16:22:54,945 (main) DEBUG [DataNucleus.Enhancer] - Agregando el metodo "float dnGetprecio(p2parking.jdo.Plaza objPC)"
16:22:54,945 (main) DEBUG [DataNucleus.Enhancer] - Agregando el metodo "void dnSetprecio(p2parking.jdo.Plaza objPC, float val)"
16:22:54,945 (main) DEBUG [DataNucleus.Enhancer] - Agregando el metodo "p2parking.jdo.Usuario dnGetpropietario(p2parking.jdo.Plaza objPC)"
16:22:54,945 (main) DEBUG [DataNucleus.Enhancer] - Agregando el metodo "void dnSetpropietario(p2parking.jdo.Plaza objPC, p2parking.jdo.Usuario val)"
16:22:54,946 (main) INFO  [DataNucleus.Enhancer] - Escribiendo el archivo de clase "C:\Users\gonzalo\Documents\git\procesos-de-software-y-calidad\target\classes\p2parking\jdo\Plaza.class" con definicion enhanced
16:22:54,948 (main) INFO  [DataNucleus.Enhancer] - ENHANCED (Persistable) : p2parking.jdo.Plaza
16:22:54,948 (main) DEBUG [DataNucleus.Enhancer] - Enhance de la clase "p2parking.jdo.Plaza" ha terminado
16:22:54,948 (main) DEBUG [DataNucleus.Enhancer] - Enhance de la clase "p2parking.jdo.Usuario" empezando ...
16:22:54,949 (main) DEBUG [DataNucleus.Enhancer] - La clase "p2parking.jdo.Usuario" no implementa el interfaz "org.datanucleus.enhancement.Persistable"!
16:22:54,950 (main) DEBUG [DataNucleus.Enhancer] - La clase "p2parking.jdo.Usuario" no tiene el campo "dnStateManager" pero lo necesita
16:22:54,950 (main) DEBUG [DataNucleus.Enhancer] - La clase "p2parking.jdo.Usuario" no tiene el campo "dnInheritedFieldCount" pero lo necesita
16:22:54,950 (main) DEBUG [DataNucleus.Enhancer] - La clase "p2parking.jdo.Usuario" no tiene el campo "dnFlags" pero lo necesita
16:22:54,950 (main) DEBUG [DataNucleus.Enhancer] - La clase "p2parking.jdo.Usuario" no tiene el campo "dnFieldNames" pero lo necesita
16:22:54,950 (main) DEBUG [DataNucleus.Enhancer] - La clase "p2parking.jdo.Usuario" no tiene el metodo "dnReplaceField" pero lo necesita
16:22:54,950 (main) DEBUG [DataNucleus.Enhancer] - La clase "p2parking.jdo.Usuario" no tiene el metodo "dnGetStateManager" pero lo necesita
16:22:54,950 (main) DEBUG [DataNucleus.Enhancer] - La clase "p2parking.jdo.Usuario" no tiene el metodo "dnIsTransactional" pero lo necesita
16:22:54,950 (main) DEBUG [DataNucleus.Enhancer] - La clase "p2parking.jdo.Usuario" no tiene el metodo "dnNewInstance" pero lo necesita
16:22:54,950 (main) DEBUG [DataNucleus.Enhancer] - La clase "p2parking.jdo.Usuario" no tiene el metodo "dnNewInstance" pero lo necesita
16:22:54,950 (main) DEBUG [DataNucleus.Enhancer] - La clase "p2parking.jdo.Usuario" no tiene el metodo "dnProvideFields" pero lo necesita
16:22:54,950 (main) DEBUG [DataNucleus.Enhancer] - La clase "p2parking.jdo.Usuario" no tiene el metodo "___dn$loadClass" pero lo necesita
16:22:54,950 (main) DEBUG [DataNucleus.Enhancer] - La clase "p2parking.jdo.Usuario" no tiene el metodo "dnGetManagedFieldCount" pero lo necesita
16:22:54,950 (main) DEBUG [DataNucleus.Enhancer] - La clase "p2parking.jdo.Usuario" no tiene el metodo "dnIsDirty" pero lo necesita
16:22:54,950 (main) DEBUG [DataNucleus.Enhancer] - La clase "p2parking.jdo.Usuario" no tiene el metodo "dnReplaceStateManager" pero lo necesita
16:22:54,950 (main) DEBUG [DataNucleus.Enhancer] - La clase "p2parking.jdo.Usuario" no tiene el metodo "dnReplaceFlags" pero lo necesita
16:22:54,951 (main) DEBUG [DataNucleus.Enhancer] - La clase "p2parking.jdo.Usuario" no tiene el metodo "dnIsDetached" pero lo necesita
16:22:54,951 (main) DEBUG [DataNucleus.Enhancer] - La clase "p2parking.jdo.Usuario" no tiene el metodo "dnMakeDirty" pero lo necesita
16:22:54,951 (main) DEBUG [DataNucleus.Enhancer] - La clase "p2parking.jdo.Usuario" no tiene el metodo "dnIsDeleted" pero lo necesita
16:22:54,951 (main) DEBUG [DataNucleus.Enhancer] - La clase "p2parking.jdo.Usuario" no tiene el metodo "dnProvideField" pero lo necesita
16:22:54,951 (main) DEBUG [DataNucleus.Enhancer] - La clase "p2parking.jdo.Usuario" no tiene el metodo "dnPreSerialize" pero lo necesita
16:22:54,951 (main) DEBUG [DataNucleus.Enhancer] - La clase "p2parking.jdo.Usuario" no tiene el metodo "dnGetObjectId" pero lo necesita
16:22:54,951 (main) DEBUG [DataNucleus.Enhancer] - La clase "p2parking.jdo.Usuario" no tiene el metodo "dnGetVersion" pero lo necesita
16:22:54,951 (main) DEBUG [DataNucleus.Enhancer] - La clase "p2parking.jdo.Usuario" no tiene el metodo "dnGetTransactionalObjectId" pero lo necesita
16:22:54,951 (main) DEBUG [DataNucleus.Enhancer] - La clase "p2parking.jdo.Usuario" no tiene el metodo "dnIsNew" pero lo necesita
16:22:54,951 (main) DEBUG [DataNucleus.Enhancer] - La clase "p2parking.jdo.Usuario" no tiene el metodo "dnCopyKeyFieldsToObjectId" pero lo necesita
16:22:54,952 (main) DEBUG [DataNucleus.Enhancer] - La clase "p2parking.jdo.Usuario" no tiene el metodo "dnCopyKeyFieldsToObjectId" pero lo necesita
16:22:54,952 (main) DEBUG [DataNucleus.Enhancer] - La clase "p2parking.jdo.Usuario" no tiene el metodo "dnCopyField" pero lo necesita
16:22:54,952 (main) DEBUG [DataNucleus.Enhancer] - La clase "p2parking.jdo.Usuario" no tiene el metodo "dnCopyKeyFieldsFromObjectId" pero lo necesita
16:22:54,952 (main) DEBUG [DataNucleus.Enhancer] - La clase "p2parking.jdo.Usuario" no tiene el metodo "dnCopyKeyFieldsFromObjectId" pero lo necesita
16:22:54,952 (main) DEBUG [DataNucleus.Enhancer] - La clase "p2parking.jdo.Usuario" no tiene el metodo "dnGetExecutionContext" pero lo necesita
16:22:54,952 (main) DEBUG [DataNucleus.Enhancer] - La clase "p2parking.jdo.Usuario" no tiene el metodo "dnCopyFields" pero lo necesita
16:22:54,952 (main) DEBUG [DataNucleus.Enhancer] - La clase "p2parking.jdo.Usuario" no tiene el metodo "__dnGetInheritedFieldCount" pero lo necesita
16:22:54,952 (main) DEBUG [DataNucleus.Enhancer] - La clase "p2parking.jdo.Usuario" no tiene el metodo "dnNewObjectIdInstance" pero lo necesita
16:22:54,952 (main) DEBUG [DataNucleus.Enhancer] - La clase "p2parking.jdo.Usuario" no tiene el metodo "dnNewObjectIdInstance" pero lo necesita
16:22:54,953 (main) DEBUG [DataNucleus.Enhancer] - La clase "p2parking.jdo.Usuario" no tiene el metodo "dnIsPersistent" pero lo necesita
16:22:54,953 (main) DEBUG [DataNucleus.Enhancer] - La clase "p2parking.jdo.Usuario" no tiene el metodo "dnReplaceFields" pero lo necesita
16:22:54,953 (main) DEBUG [DataNucleus.Enhancer] - La clase "p2parking.jdo.Usuario" no tiene el metodo "__dnFieldNamesInit" pero lo necesita
16:22:54,954 (main) DEBUG [DataNucleus.Enhancer] - Agregando el interfaz: org.datanucleus.enhancement.Persistable
16:22:54,954 (main) DEBUG [DataNucleus.Enhancer] - Enhancing metodo original p2parking.jdo.Usuario.<init> : ignorando enhance de set del campo "p2parking.jdo.Usuario.nombre"
16:22:54,954 (main) DEBUG [DataNucleus.Enhancer] - Enhancing metodo original p2parking.jdo.Usuario.<init> : ignorando enhance de set del campo "p2parking.jdo.Usuario.correo"
16:22:54,954 (main) DEBUG [DataNucleus.Enhancer] - Enhancing metodo original p2parking.jdo.Usuario.<init> : ignorando enhance de set del campo "p2parking.jdo.Usuario.contrasena"
16:22:54,954 (main) DEBUG [DataNucleus.Enhancer] - Enhancing metodo original p2parking.jdo.Usuario.<init> : ignorando enhance de set del campo "p2parking.jdo.Usuario.foto"
16:22:54,955 (main) DEBUG [DataNucleus.Enhancer] - Enhancing metodo original p2parking.jdo.Usuario.getNombre, cambiando el uso del campo "p2parking.jdo.Usuario.nombre" para utilisar "dnGetnombre()"
16:22:54,955 (main) DEBUG [DataNucleus.Enhancer] - Enhancing metodo original p2parking.jdo.Usuario.setNombre, cambiando el uso del campo "p2parking.jdo.Usuario.nombre" para utilisar "dnSetnombre()"
16:22:54,955 (main) DEBUG [DataNucleus.Enhancer] - Enhancing metodo original p2parking.jdo.Usuario.getCorreo, cambiando el uso del campo "p2parking.jdo.Usuario.correo" para utilisar "dnGetcorreo()"
16:22:54,955 (main) DEBUG [DataNucleus.Enhancer] - Enhancing metodo original p2parking.jdo.Usuario.setCorreo, cambiando el uso del campo "p2parking.jdo.Usuario.correo" para utilisar "dnSetcorreo()"
16:22:54,955 (main) DEBUG [DataNucleus.Enhancer] - Enhancing metodo original p2parking.jdo.Usuario.getContrasena, cambiando el uso del campo "p2parking.jdo.Usuario.contrasena" para utilisar "dnGetcontrasena()"
16:22:54,955 (main) DEBUG [DataNucleus.Enhancer] - Enhancing metodo original p2parking.jdo.Usuario.setContrasena, cambiando el uso del campo "p2parking.jdo.Usuario.contrasena" para utilisar "dnSetcontrasena()"
16:22:54,955 (main) DEBUG [DataNucleus.Enhancer] - Enhancing metodo original p2parking.jdo.Usuario.getFoto, cambiando el uso del campo "p2parking.jdo.Usuario.foto" para utilisar "dnGetfoto()"
16:22:54,955 (main) DEBUG [DataNucleus.Enhancer] - Enhancing metodo original p2parking.jdo.Usuario.setFoto, cambiando el uso del campo "p2parking.jdo.Usuario.foto" para utilisar "dnSetfoto()"
16:22:54,955 (main) DEBUG [DataNucleus.Enhancer] - Agregando el campo "org.datanucleus.enhancement.StateManager dnStateManager"
16:22:54,955 (main) DEBUG [DataNucleus.Enhancer] - Agregando el campo "byte dnFlags"
16:22:54,955 (main) DEBUG [DataNucleus.Enhancer] - Agregando el campo "[Ljava.lang.String; dnFieldNames"
16:22:54,955 (main) DEBUG [DataNucleus.Enhancer] - Agregando el campo "int dnInheritedFieldCount"
16:22:54,956 (main) DEBUG [DataNucleus.Enhancer] - Agregando el metodo "void <clinit>()"
16:22:54,956 (main) DEBUG [DataNucleus.Enhancer] - Agregando el constructor "p2parking.jdo.Usuario()"
16:22:54,956 (main) DEBUG [DataNucleus.Enhancer] - Agregando el metodo "void dnCopyKeyFieldsFromObjectId(org.datanucleus.enhancement.Persistable$ObjectIdFieldConsumer fc, java.lang.Object oid)"
16:22:54,956 (main) DEBUG [DataNucleus.Enhancer] - Agregando el metodo "void dnCopyKeyFieldsFromObjectId(java.lang.Object oid)"
16:22:54,956 (main) DEBUG [DataNucleus.Enhancer] - Agregando el metodo "void dnCopyKeyFieldsToObjectId(java.lang.Object oid)"
16:22:54,956 (main) DEBUG [DataNucleus.Enhancer] - Agregando el metodo "void dnCopyKeyFieldsToObjectId(org.datanucleus.enhancement.Persistable$ObjectIdFieldSupplier fs, java.lang.Object oid)"
16:22:54,956 (main) DEBUG [DataNucleus.Enhancer] - Agregando el metodo "java.lang.Object dnGetObjectId()"
16:22:54,956 (main) DEBUG [DataNucleus.Enhancer] - Agregando el metodo "java.lang.Object dnGetVersion()"
16:22:54,956 (main) DEBUG [DataNucleus.Enhancer] - Agregando el metodo "void dnPreSerialize()"
16:22:54,956 (main) DEBUG [DataNucleus.Enhancer] - Agregando el metodo "org.datanucleus.enhancement.ExecutionContextReference dnGetExecutionContext()"
16:22:54,956 (main) DEBUG [DataNucleus.Enhancer] - Agregando el metodo "org.datanucleus.enhancement.StateManager dnGetStateManager()"
16:22:54,956 (main) DEBUG [DataNucleus.Enhancer] - Agregando el metodo "java.lang.Object dnGetTransactionalObjectId()"
16:22:54,956 (main) DEBUG [DataNucleus.Enhancer] - Agregando el metodo "boolean dnIsDeleted()"
16:22:54,957 (main) DEBUG [DataNucleus.Enhancer] - Agregando el metodo "boolean dnIsDirty()"
16:22:54,957 (main) DEBUG [DataNucleus.Enhancer] - Agregando el metodo "boolean dnIsNew()"
16:22:54,957 (main) DEBUG [DataNucleus.Enhancer] - Agregando el metodo "boolean dnIsPersistent()"
16:22:54,957 (main) DEBUG [DataNucleus.Enhancer] - Agregando el metodo "boolean dnIsTransactional()"
16:22:54,957 (main) DEBUG [DataNucleus.Enhancer] - Agregando el metodo "void dnMakeDirty(java.lang.String fieldName)"
16:22:54,957 (main) DEBUG [DataNucleus.Enhancer] - Agregando el metodo "java.lang.Object dnNewObjectIdInstance()"
16:22:54,957 (main) DEBUG [DataNucleus.Enhancer] - Agregando el metodo "java.lang.Object dnNewObjectIdInstance(java.lang.Object key)"
16:22:54,957 (main) DEBUG [DataNucleus.Enhancer] - Agregando el metodo "void dnProvideFields([I indices)"
16:22:54,957 (main) DEBUG [DataNucleus.Enhancer] - Agregando el metodo "void dnReplaceFields([I indices)"
16:22:54,957 (main) DEBUG [DataNucleus.Enhancer] - Agregando el metodo "void dnReplaceFlags()"
16:22:54,957 (main) DEBUG [DataNucleus.Enhancer] - Agregando el metodo "void dnReplaceStateManager(org.datanucleus.enhancement.StateManager sm)"
16:22:54,957 (main) DEBUG [DataNucleus.Enhancer] - Agregando el metodo "boolean dnIsDetached()"
16:22:54,957 (main) DEBUG [DataNucleus.Enhancer] - Agregando el metodo "org.datanucleus.enhancement.Persistable dnNewInstance(org.datanucleus.enhancement.StateManager sm)"
16:22:54,957 (main) DEBUG [DataNucleus.Enhancer] - Agregando el metodo "org.datanucleus.enhancement.Persistable dnNewInstance(org.datanucleus.enhancement.StateManager sm, java.lang.Object obj)"
16:22:54,957 (main) DEBUG [DataNucleus.Enhancer] - Agregando el metodo "void dnReplaceField(int index)"
16:22:54,958 (main) DEBUG [DataNucleus.Enhancer] - Agregando el metodo "void dnProvideField(int index)"
16:22:54,958 (main) DEBUG [DataNucleus.Enhancer] - Agregando el metodo "void dnCopyField(p2parking.jdo.Usuario obj, int index)"
16:22:54,958 (main) DEBUG [DataNucleus.Enhancer] - Agregando el metodo "void dnCopyFields(java.lang.Object obj, [I indices)"
16:22:54,958 (main) DEBUG [DataNucleus.Enhancer] - Agregando el metodo "[Ljava.lang.String; __dnFieldNamesInit()"
16:22:54,958 (main) DEBUG [DataNucleus.Enhancer] - Agregando el metodo "int __dnGetInheritedFieldCount()"
16:22:54,958 (main) DEBUG [DataNucleus.Enhancer] - Agregando el metodo "int dnGetManagedFieldCount()"
16:22:54,958 (main) DEBUG [DataNucleus.Enhancer] - Agregando el metodo "java.lang.Class ___dn$loadClass(java.lang.String className)"
16:22:54,958 (main) DEBUG [DataNucleus.Enhancer] - Agregando el metodo "java.lang.String dnGetcontrasena(p2parking.jdo.Usuario objPC)"
16:22:54,958 (main) DEBUG [DataNucleus.Enhancer] - Agregando el metodo "void dnSetcontrasena(p2parking.jdo.Usuario objPC, java.lang.String val)"
16:22:54,959 (main) DEBUG [DataNucleus.Enhancer] - Agregando el metodo "java.lang.String dnGetcorreo(p2parking.jdo.Usuario objPC)"
16:22:54,959 (main) DEBUG [DataNucleus.Enhancer] - Agregando el metodo "void dnSetcorreo(p2parking.jdo.Usuario objPC, java.lang.String val)"
16:22:54,959 (main) DEBUG [DataNucleus.Enhancer] - Agregando el metodo "java.lang.String dnGetfoto(p2parking.jdo.Usuario objPC)"
16:22:54,959 (main) DEBUG [DataNucleus.Enhancer] - Agregando el metodo "void dnSetfoto(p2parking.jdo.Usuario objPC, java.lang.String val)"
16:22:54,959 (main) DEBUG [DataNucleus.Enhancer] - Agregando el metodo "java.lang.String dnGetnombre(p2parking.jdo.Usuario objPC)"
16:22:54,959 (main) DEBUG [DataNucleus.Enhancer] - Agregando el metodo "void dnSetnombre(p2parking.jdo.Usuario objPC, java.lang.String val)"
16:22:54,959 (main) INFO  [DataNucleus.Enhancer] - Escribiendo el archivo de clase "C:\Users\gonzalo\Documents\git\procesos-de-software-y-calidad\target\classes\p2parking\jdo\Usuario.class" con definicion enhanced
16:22:54,960 (main) INFO  [DataNucleus.Enhancer] - ENHANCED (Persistable) : p2parking.jdo.Usuario
16:22:54,961 (main) DEBUG [DataNucleus.Enhancer] - Enhance de la clase "p2parking.jdo.Usuario" ha terminado
16:22:54,962 (main) INFO  [DataNucleus.Enhancer] - DataNucleus Enhancer ha terminado con exito para 2 clases. Tiempos : input=194 ms, enhance=68 ms, total=262 ms. Compruebe el LOG para los detalles
